10:06:23.710 ERROR [main] c.alibaba.druid.pool.DruidDataSource:643 - init datasource error, url: jdbc:postgresql://192.168.0.44:5432/circle?characterEncoding=UTF-8
org.postgresql.util.PSQLException: 尝试连线已失败。
	at org.postgresql.core.v3.ConnectionFactoryImpl.openConnectionImpl(ConnectionFactoryImpl.java:225)
	at org.postgresql.core.ConnectionFactory.openConnection(ConnectionFactory.java:64)
	at org.postgresql.jdbc2.AbstractJdbc2Connection.<init>(AbstractJdbc2Connection.java:136)
	at org.postgresql.jdbc3.AbstractJdbc3Connection.<init>(AbstractJdbc3Connection.java:29)
	at org.postgresql.jdbc3g.AbstractJdbc3gConnection.<init>(AbstractJdbc3gConnection.java:21)
	at org.postgresql.jdbc3g.Jdbc3gConnection.<init>(Jdbc3gConnection.java:24)
	at org.postgresql.Driver.makeConnection(Driver.java:393)
	at org.postgresql.Driver.connect(Driver.java:267)
	at com.alibaba.druid.filter.FilterChainImpl.connection_connect(FilterChainImpl.java:148)
	at com.alibaba.druid.filter.stat.StatFilter.connection_connect(StatFilter.java:211)
	at com.alibaba.druid.filter.FilterChainImpl.connection_connect(FilterChainImpl.java:142)
	at com.alibaba.druid.filter.FilterAdapter.connection_connect(FilterAdapter.java:785)
	at com.alibaba.druid.filter.FilterChainImpl.connection_connect(FilterChainImpl.java:142)
	at com.alibaba.druid.pool.DruidAbstractDataSource.createPhysicalConnection(DruidAbstractDataSource.java:1377)
	at com.alibaba.druid.pool.DruidAbstractDataSource.createPhysicalConnection(DruidAbstractDataSource.java:1431)
	at com.alibaba.druid.pool.DruidDataSource.init(DruidDataSource.java:632)
	at com.alibaba.druid.pool.DruidDataSource.getConnection(DruidDataSource.java:934)
	at com.alibaba.druid.pool.DruidDataSource.getConnection(DruidDataSource.java:930)
	at com.alibaba.druid.pool.DruidDataSource.getConnection(DruidDataSource.java:102)
	at org.springframework.jdbc.datasource.lookup.AbstractRoutingDataSource.getConnection(AbstractRoutingDataSource.java:164)
	at org.springframework.jdbc.datasource.DataSourceUtils.doGetConnection(DataSourceUtils.java:111)
	at org.springframework.jdbc.datasource.DataSourceUtils.getConnection(DataSourceUtils.java:77)
	at org.mybatis.spring.transaction.SpringManagedTransaction.openConnection(SpringManagedTransaction.java:81)
	at org.mybatis.spring.transaction.SpringManagedTransaction.getConnection(SpringManagedTransaction.java:67)
	at org.apache.ibatis.executor.BaseExecutor.getConnection(BaseExecutor.java:279)
	at org.apache.ibatis.executor.SimpleExecutor.prepareStatement(SimpleExecutor.java:72)
	at org.apache.ibatis.executor.SimpleExecutor.doQuery(SimpleExecutor.java:59)
	at org.apache.ibatis.executor.BaseExecutor.queryFromDatabase(BaseExecutor.java:267)
	at org.apache.ibatis.executor.BaseExecutor.query(BaseExecutor.java:137)
	at org.apache.ibatis.executor.BaseExecutor.query(BaseExecutor.java:120)
	at sun.reflect.NativeMethodAccessorImpl.invoke0(Native Method)
	at sun.reflect.NativeMethodAccessorImpl.invoke(NativeMethodAccessorImpl.java:62)
	at sun.reflect.DelegatingMethodAccessorImpl.invoke(DelegatingMethodAccessorImpl.java:43)
	at java.lang.reflect.Method.invoke(Method.java:498)
	at org.apache.ibatis.plugin.Plugin.invoke(Plugin.java:62)
	at com.sun.proxy.$Proxy123.query(Unknown Source)
	at org.apache.ibatis.session.defaults.DefaultSqlSession.selectList(DefaultSqlSession.java:108)
	at org.apache.ibatis.session.defaults.DefaultSqlSession.selectList(DefaultSqlSession.java:102)
	at sun.reflect.NativeMethodAccessorImpl.invoke0(Native Method)
	at sun.reflect.NativeMethodAccessorImpl.invoke(NativeMethodAccessorImpl.java:62)
	at sun.reflect.DelegatingMethodAccessorImpl.invoke(DelegatingMethodAccessorImpl.java:43)
	at java.lang.reflect.Method.invoke(Method.java:498)
	at org.mybatis.spring.SqlSessionTemplate$SqlSessionInterceptor.invoke(SqlSessionTemplate.java:358)
	at com.sun.proxy.$Proxy23.selectList(Unknown Source)
	at org.mybatis.spring.SqlSessionTemplate.selectList(SqlSessionTemplate.java:198)
	at org.apache.ibatis.binding.MapperMethod.executeForMany(MapperMethod.java:119)
	at org.apache.ibatis.binding.MapperMethod.execute(MapperMethod.java:63)
	at org.apache.ibatis.binding.MapperProxy.invoke(MapperProxy.java:52)
	at com.sun.proxy.$Proxy52.search(Unknown Source)
	at g.service.room.VRoomService.getAvailableRooms(VRoomService.java:27)
	at g.service.room.VRoomService$$FastClassBySpringCGLIB$$bb474f97.invoke(<generated>)
	at org.springframework.cglib.proxy.MethodProxy.invoke(MethodProxy.java:204)
	at org.springframework.aop.framework.CglibAopProxy$DynamicAdvisedInterceptor.intercept(CglibAopProxy.java:649)
	at g.service.room.VRoomService$$EnhancerBySpringCGLIB$$4ae174b3.getAvailableRooms(<generated>)
	at g.service.chesscard.engine.manager.ChessCardInitManager.init(ChessCardInitManager.java:49)
	at g.service.chesscard.engine.core.ChessCardEngine.init(ChessCardEngine.java:40)
	at g.service.chesscard.GameMain.initEngine(GameMain.java:47)
	at g.service.chesscard.GameMain.init(GameMain.java:38)
	at g.service.chesscard.GameMain.main(GameMain.java:63)
Caused by: java.net.SocketException: Connection reset
	at java.net.SocketInputStream.read(SocketInputStream.java:209)
	at java.net.SocketInputStream.read(SocketInputStream.java:141)
	at org.postgresql.core.VisibleBufferedInputStream.readMore(VisibleBufferedInputStream.java:143)
	at org.postgresql.core.VisibleBufferedInputStream.ensureBytes(VisibleBufferedInputStream.java:112)
	at org.postgresql.core.VisibleBufferedInputStream.read(VisibleBufferedInputStream.java:71)
	at org.postgresql.core.PGStream.ReceiveChar(PGStream.java:269)
	at org.postgresql.core.v3.ConnectionFactoryImpl.doAuthentication(ConnectionFactoryImpl.java:376)
	at org.postgresql.core.v3.ConnectionFactoryImpl.openConnectionImpl(ConnectionFactoryImpl.java:173)
	... 58 common frames omitted
10:54:12.383 ERROR [playerTransaction-1] g.s.c.engine.manager.PlayerManager:48 - 玩家ID:3,107,指定的玩家不存在.
10:54:26.661 ERROR [playerTransaction-1] g.s.c.engine.manager.PlayerManager:48 - 玩家ID:3,107,指定的玩家不存在.
10:54:35.164 ERROR [playerTransaction-1] g.s.c.engine.manager.PlayerManager:48 - 玩家ID:3,107,指定的玩家不存在.
10:54:44.836 ERROR [playerTransaction-1] g.s.c.engine.manager.PlayerManager:48 - 玩家ID:3,107,指定的玩家不存在.
10:54:53.443 ERROR [playerTransaction-1] g.s.c.engine.manager.PlayerManager:48 - 玩家ID:3,107,指定的玩家不存在.
10:55:01.639 ERROR [playerTransaction-1] g.s.c.engine.manager.PlayerManager:48 - 玩家ID:3,107,指定的玩家不存在.
10:55:09.183 ERROR [playerTransaction-1] g.s.c.engine.manager.PlayerManager:48 - 玩家ID:3,107,指定的玩家不存在.
10:55:17.011 ERROR [playerTransaction-1] g.s.c.engine.manager.PlayerManager:48 - 玩家ID:3,107,指定的玩家不存在.
10:55:24.874 ERROR [playerTransaction-1] g.s.c.engine.manager.PlayerManager:48 - 玩家ID:3,107,指定的玩家不存在.
10:55:32.843 ERROR [playerTransaction-1] g.s.c.engine.manager.PlayerManager:48 - 玩家ID:3,107,指定的玩家不存在.
