15:50:40.415 ERROR [main] o.s.m.nosql.redis.JedisTemplate:153 - Redis connection 192.168.0.44:6379 lost.
redis.clients.jedis.exceptions.JedisConnectionException: Could not get a resource from the pool
	at redis.clients.util.Pool.getResource(Pool.java:53)
	at org.springside.modules.nosql.redis.JedisTemplate.execute(JedisTemplate.java:93)
	at org.springside.modules.nosql.redis.JedisTemplate.flushDB(JedisTemplate.java:203)
	at g.service.chesscard.engine.manager.ChessCardInitManager.init(ChessCardInitManager.java:40)
	at g.service.chesscard.engine.core.ChessCardEngine.init(ChessCardEngine.java:40)
	at g.service.chesscard.GameMain.initEngine(GameMain.java:47)
	at g.service.chesscard.GameMain.init(GameMain.java:38)
	at g.service.chesscard.GameMain.main(GameMain.java:63)
Caused by: redis.clients.jedis.exceptions.JedisConnectionException: java.net.ConnectException: Connection refused: connect
	at redis.clients.jedis.Connection.connect(Connection.java:164)
	at redis.clients.jedis.BinaryClient.connect(BinaryClient.java:80)
	at redis.clients.jedis.BinaryJedis.connect(BinaryJedis.java:1677)
	at org.springside.modules.nosql.redis.pool.JedisFactory.makeObject(JedisFactory.java:71)
	at org.apache.commons.pool2.impl.GenericObjectPool.create(GenericObjectPool.java:868)
	at org.apache.commons.pool2.impl.GenericObjectPool.borrowObject(GenericObjectPool.java:435)
	at org.apache.commons.pool2.impl.GenericObjectPool.borrowObject(GenericObjectPool.java:363)
	at redis.clients.util.Pool.getResource(Pool.java:49)
	... 7 common frames omitted
Caused by: java.net.ConnectException: Connection refused: connect
	at java.net.DualStackPlainSocketImpl.waitForConnect(Native Method)
	at java.net.DualStackPlainSocketImpl.socketConnect(DualStackPlainSocketImpl.java:85)
	at java.net.AbstractPlainSocketImpl.doConnect(AbstractPlainSocketImpl.java:350)
	at java.net.AbstractPlainSocketImpl.connectToAddress(AbstractPlainSocketImpl.java:206)
	at java.net.AbstractPlainSocketImpl.connect(AbstractPlainSocketImpl.java:188)
	at java.net.PlainSocketImpl.connect(PlainSocketImpl.java:172)
	at java.net.SocksSocketImpl.connect(SocksSocketImpl.java:392)
	at java.net.Socket.connect(Socket.java:589)
	at redis.clients.jedis.Connection.connect(Connection.java:158)
	... 14 common frames omitted
15:50:40.423 ERROR [main] g.service.chesscard.GameMain:42 - 游戏引擎:启动异常!
redis.clients.jedis.exceptions.JedisConnectionException: Could not get a resource from the pool
	at redis.clients.util.Pool.getResource(Pool.java:53)
	at org.springside.modules.nosql.redis.JedisTemplate.execute(JedisTemplate.java:93)
	at org.springside.modules.nosql.redis.JedisTemplate.flushDB(JedisTemplate.java:203)
	at g.service.chesscard.engine.manager.ChessCardInitManager.init(ChessCardInitManager.java:40)
	at g.service.chesscard.engine.core.ChessCardEngine.init(ChessCardEngine.java:40)
	at g.service.chesscard.GameMain.initEngine(GameMain.java:47)
	at g.service.chesscard.GameMain.init(GameMain.java:38)
	at g.service.chesscard.GameMain.main(GameMain.java:63)
Caused by: redis.clients.jedis.exceptions.JedisConnectionException: java.net.ConnectException: Connection refused: connect
	at redis.clients.jedis.Connection.connect(Connection.java:164)
	at redis.clients.jedis.BinaryClient.connect(BinaryClient.java:80)
	at redis.clients.jedis.BinaryJedis.connect(BinaryJedis.java:1677)
	at org.springside.modules.nosql.redis.pool.JedisFactory.makeObject(JedisFactory.java:71)
	at org.apache.commons.pool2.impl.GenericObjectPool.create(GenericObjectPool.java:868)
	at org.apache.commons.pool2.impl.GenericObjectPool.borrowObject(GenericObjectPool.java:435)
	at org.apache.commons.pool2.impl.GenericObjectPool.borrowObject(GenericObjectPool.java:363)
	at redis.clients.util.Pool.getResource(Pool.java:49)
	... 7 common frames omitted
Caused by: java.net.ConnectException: Connection refused: connect
	at java.net.DualStackPlainSocketImpl.waitForConnect(Native Method)
	at java.net.DualStackPlainSocketImpl.socketConnect(DualStackPlainSocketImpl.java:85)
	at java.net.AbstractPlainSocketImpl.doConnect(AbstractPlainSocketImpl.java:350)
	at java.net.AbstractPlainSocketImpl.connectToAddress(AbstractPlainSocketImpl.java:206)
	at java.net.AbstractPlainSocketImpl.connect(AbstractPlainSocketImpl.java:188)
	at java.net.PlainSocketImpl.connect(PlainSocketImpl.java:172)
	at java.net.SocksSocketImpl.connect(SocksSocketImpl.java:392)
	at java.net.Socket.connect(Socket.java:589)
	at redis.clients.jedis.Connection.connect(Connection.java:158)
	... 14 common frames omitted
15:52:32.544 ERROR [main] o.s.m.nosql.redis.JedisTemplate:153 - Redis connection 192.168.0.44:6379 lost.
redis.clients.jedis.exceptions.JedisConnectionException: Could not get a resource from the pool
	at redis.clients.util.Pool.getResource(Pool.java:53)
	at org.springside.modules.nosql.redis.JedisTemplate.execute(JedisTemplate.java:93)
	at org.springside.modules.nosql.redis.JedisTemplate.flushDB(JedisTemplate.java:203)
	at g.service.chesscard.engine.manager.ChessCardInitManager.init(ChessCardInitManager.java:40)
	at g.service.chesscard.engine.core.ChessCardEngine.init(ChessCardEngine.java:40)
	at g.service.chesscard.GameMain.initEngine(GameMain.java:47)
	at g.service.chesscard.GameMain.init(GameMain.java:38)
	at g.service.chesscard.GameMain.main(GameMain.java:63)
Caused by: redis.clients.jedis.exceptions.JedisConnectionException: java.net.ConnectException: Connection refused: connect
	at redis.clients.jedis.Connection.connect(Connection.java:164)
	at redis.clients.jedis.BinaryClient.connect(BinaryClient.java:80)
	at redis.clients.jedis.BinaryJedis.connect(BinaryJedis.java:1677)
	at org.springside.modules.nosql.redis.pool.JedisFactory.makeObject(JedisFactory.java:71)
	at org.apache.commons.pool2.impl.GenericObjectPool.create(GenericObjectPool.java:868)
	at org.apache.commons.pool2.impl.GenericObjectPool.borrowObject(GenericObjectPool.java:435)
	at org.apache.commons.pool2.impl.GenericObjectPool.borrowObject(GenericObjectPool.java:363)
	at redis.clients.util.Pool.getResource(Pool.java:49)
	... 7 common frames omitted
Caused by: java.net.ConnectException: Connection refused: connect
	at java.net.DualStackPlainSocketImpl.waitForConnect(Native Method)
	at java.net.DualStackPlainSocketImpl.socketConnect(DualStackPlainSocketImpl.java:85)
	at java.net.AbstractPlainSocketImpl.doConnect(AbstractPlainSocketImpl.java:350)
	at java.net.AbstractPlainSocketImpl.connectToAddress(AbstractPlainSocketImpl.java:206)
	at java.net.AbstractPlainSocketImpl.connect(AbstractPlainSocketImpl.java:188)
	at java.net.PlainSocketImpl.connect(PlainSocketImpl.java:172)
	at java.net.SocksSocketImpl.connect(SocksSocketImpl.java:392)
	at java.net.Socket.connect(Socket.java:589)
	at redis.clients.jedis.Connection.connect(Connection.java:158)
	... 14 common frames omitted
15:52:32.553 ERROR [main] g.service.chesscard.GameMain:42 - 游戏引擎:启动异常!
redis.clients.jedis.exceptions.JedisConnectionException: Could not get a resource from the pool
	at redis.clients.util.Pool.getResource(Pool.java:53)
	at org.springside.modules.nosql.redis.JedisTemplate.execute(JedisTemplate.java:93)
	at org.springside.modules.nosql.redis.JedisTemplate.flushDB(JedisTemplate.java:203)
	at g.service.chesscard.engine.manager.ChessCardInitManager.init(ChessCardInitManager.java:40)
	at g.service.chesscard.engine.core.ChessCardEngine.init(ChessCardEngine.java:40)
	at g.service.chesscard.GameMain.initEngine(GameMain.java:47)
	at g.service.chesscard.GameMain.init(GameMain.java:38)
	at g.service.chesscard.GameMain.main(GameMain.java:63)
Caused by: redis.clients.jedis.exceptions.JedisConnectionException: java.net.ConnectException: Connection refused: connect
	at redis.clients.jedis.Connection.connect(Connection.java:164)
	at redis.clients.jedis.BinaryClient.connect(BinaryClient.java:80)
	at redis.clients.jedis.BinaryJedis.connect(BinaryJedis.java:1677)
	at org.springside.modules.nosql.redis.pool.JedisFactory.makeObject(JedisFactory.java:71)
	at org.apache.commons.pool2.impl.GenericObjectPool.create(GenericObjectPool.java:868)
	at org.apache.commons.pool2.impl.GenericObjectPool.borrowObject(GenericObjectPool.java:435)
	at org.apache.commons.pool2.impl.GenericObjectPool.borrowObject(GenericObjectPool.java:363)
	at redis.clients.util.Pool.getResource(Pool.java:49)
	... 7 common frames omitted
Caused by: java.net.ConnectException: Connection refused: connect
	at java.net.DualStackPlainSocketImpl.waitForConnect(Native Method)
	at java.net.DualStackPlainSocketImpl.socketConnect(DualStackPlainSocketImpl.java:85)
	at java.net.AbstractPlainSocketImpl.doConnect(AbstractPlainSocketImpl.java:350)
	at java.net.AbstractPlainSocketImpl.connectToAddress(AbstractPlainSocketImpl.java:206)
	at java.net.AbstractPlainSocketImpl.connect(AbstractPlainSocketImpl.java:188)
	at java.net.PlainSocketImpl.connect(PlainSocketImpl.java:172)
	at java.net.SocksSocketImpl.connect(SocksSocketImpl.java:392)
	at java.net.Socket.connect(Socket.java:589)
	at redis.clients.jedis.Connection.connect(Connection.java:158)
	... 14 common frames omitted
16:32:57.667 ERROR [desk-1-1] g.s.c.n.douniu.Bull100MatchHandle:153 - Name is null
java.lang.NullPointerException: Name is null
	at java.lang.Enum.valueOf(Enum.java:236)
	at g.model.enums.GameModelCodeEnum.valueOf(GameModelCodeEnum.java:9)
	at g.service.chesscard.engine.manager.SettleManager.newSettle(SettleManager.java:84)
	at g.service.chesscard.netHandles.douniu.Bull100MatchHandle.onSettle(Bull100MatchHandle.java:126)
	at g.service.chesscard.engine.task.MatchTask.settle(MatchTask.java:152)
	at g.service.chesscard.engine.task.MatchTask.stop(MatchTask.java:130)
	at g.service.chesscard.engine.task.MatchTask.run(MatchTask.java:213)
	at java.util.concurrent.Executors$RunnableAdapter.call(Executors.java:511)
	at java.util.concurrent.FutureTask.run(FutureTask.java:266)
	at java.util.concurrent.ScheduledThreadPoolExecutor$ScheduledFutureTask.access$201(ScheduledThreadPoolExecutor.java:180)
	at java.util.concurrent.ScheduledThreadPoolExecutor$ScheduledFutureTask.run(ScheduledThreadPoolExecutor.java:293)
	at java.util.concurrent.ThreadPoolExecutor.runWorker(ThreadPoolExecutor.java:1142)
	at java.util.concurrent.ThreadPoolExecutor$Worker.run(ThreadPoolExecutor.java:617)
	at java.lang.Thread.run(Thread.java:745)
16:32:57.668 ERROR [desk-2-1] g.s.c.n.douniu.Bull100MatchHandle:153 - null
java.lang.NumberFormatException: null
	at java.lang.Long.parseLong(Long.java:552)
	at java.lang.Long.parseLong(Long.java:631)
	at g.service.chesscard.engine.model.Room.getRoomPool(Room.java:213)
	at g.service.chesscard.engine.manager.SettleManager.newSettle(SettleManager.java:89)
	at g.service.chesscard.netHandles.douniu.Bull100MatchHandle.onSettle(Bull100MatchHandle.java:126)
	at g.service.chesscard.engine.task.MatchTask.settle(MatchTask.java:152)
	at g.service.chesscard.engine.task.MatchTask.stop(MatchTask.java:130)
	at g.service.chesscard.engine.task.MatchTask.run(MatchTask.java:213)
	at java.util.concurrent.Executors$RunnableAdapter.call(Executors.java:511)
	at java.util.concurrent.FutureTask.run(FutureTask.java:266)
	at java.util.concurrent.ScheduledThreadPoolExecutor$ScheduledFutureTask.access$201(ScheduledThreadPoolExecutor.java:180)
	at java.util.concurrent.ScheduledThreadPoolExecutor$ScheduledFutureTask.run(ScheduledThreadPoolExecutor.java:293)
	at java.util.concurrent.ThreadPoolExecutor.runWorker(ThreadPoolExecutor.java:1142)
	at java.util.concurrent.ThreadPoolExecutor$Worker.run(ThreadPoolExecutor.java:617)
	at java.lang.Thread.run(Thread.java:745)
