java.lang.RuntimeException: generate oucur error,templateFile is:data\java\${basepackage_dir}\data\${module_dir}\${className}Mapper.java => data\java\g\data\warning\VWarningPlayerDetailMapper.java cause:freemarker.core._TemplateModelException: An error has occurred when reading existing sub-variable "pkColumn"; see cause exception! The type of the containing value was: extended_hash+string (org.soul.tools.generator.core.provider.db.table.model.TableMetaData wrapped into f.e.b.StringModel)

----
FTL stack trace ("~" means nesting-related):
	- Failed at: ${table.pkColumn.javaType}  [in template "data\\java\\${basepackage_dir}\\data\\${module_dir}\\${className}Mapper.java" at line 17, column 73]
----
	at org.soul.tools.generator.core.Generator$TemplateProcessor.executeGenerate(Generator.java:232)
	at org.soul.tools.generator.core.Generator$TemplateProcessor.access$100(Generator.java:182)
	at org.soul.tools.generator.core.Generator.scanTemplatesAndProcess(Generator.java:168)
	at org.soul.tools.generator.core.Generator.processTemplateRootDirs(Generator.java:149)
	at org.soul.tools.generator.core.Generator.generateBy(Generator.java:127)
	at org.soul.tools.generator.core.GeneratorFacade$ProcessUtils.processByTable(GeneratorFacade.java:186)
	at org.soul.tools.generator.core.GeneratorFacade$ProcessUtils.processByTable(GeneratorFacade.java:141)
	at org.soul.tools.generator.core.GeneratorFacade.generateByTable(GeneratorFacade.java:60)
	at org.soul.tools.generator.core.CodeGenerator.generate(CodeGenerator.java:75)
	at org.soul.tools.generator.fx.controller.FilesController.generate(FilesController.java:151)
	at sun.reflect.NativeMethodAccessorImpl.invoke0(Native Method)
	at sun.reflect.NativeMethodAccessorImpl.invoke(NativeMethodAccessorImpl.java:62)
	at sun.reflect.DelegatingMethodAccessorImpl.invoke(DelegatingMethodAccessorImpl.java:43)
	at java.lang.reflect.Method.invoke(Method.java:498)
	at sun.reflect.misc.Trampoline.invoke(MethodUtil.java:71)
	at sun.reflect.GeneratedMethodAccessor15.invoke(Unknown Source)
	at sun.reflect.DelegatingMethodAccessorImpl.invoke(DelegatingMethodAccessorImpl.java:43)
	at java.lang.reflect.Method.invoke(Method.java:498)
	at sun.reflect.misc.MethodUtil.invoke(MethodUtil.java:275)
	at javafx.fxml.FXMLLoader$MethodHandler.invoke(FXMLLoader.java:1769)
	at javafx.fxml.FXMLLoader$ControllerMethodEventHandler.handle(FXMLLoader.java:1657)
	at com.sun.javafx.event.CompositeEventHandler.dispatchBubblingEvent(CompositeEventHandler.java:86)
	at com.sun.javafx.event.EventHandlerManager.dispatchBubblingEvent(EventHandlerManager.java:238)
	at com.sun.javafx.event.EventHandlerManager.dispatchBubblingEvent(EventHandlerManager.java:191)
	at com.sun.javafx.event.CompositeEventDispatcher.dispatchBubblingEvent(CompositeEventDispatcher.java:59)
	at com.sun.javafx.event.BasicEventDispatcher.dispatchEvent(BasicEventDispatcher.java:58)
	at com.sun.javafx.event.EventDispatchChainImpl.dispatchEvent(EventDispatchChainImpl.java:114)
	at com.sun.javafx.event.BasicEventDispatcher.dispatchEvent(BasicEventDispatcher.java:56)
	at com.sun.javafx.event.EventDispatchChainImpl.dispatchEvent(EventDispatchChainImpl.java:114)
	at com.sun.javafx.event.BasicEventDispatcher.dispatchEvent(BasicEventDispatcher.java:56)
	at com.sun.javafx.event.EventDispatchChainImpl.dispatchEvent(EventDispatchChainImpl.java:114)
	at com.sun.javafx.event.EventUtil.fireEventImpl(EventUtil.java:74)
	at com.sun.javafx.event.EventUtil.fireEvent(EventUtil.java:49)
	at javafx.event.Event.fireEvent(Event.java:198)
	at javafx.scene.Node.fireEvent(Node.java:8411)
	at javafx.scene.control.Button.fire(Button.java:185)
	at com.sun.javafx.scene.control.behavior.ButtonBehavior.mouseReleased(ButtonBehavior.java:182)
	at com.sun.javafx.scene.control.skin.BehaviorSkinBase$1.handle(BehaviorSkinBase.java:96)
	at com.sun.javafx.scene.control.skin.BehaviorSkinBase$1.handle(BehaviorSkinBase.java:89)
	at com.sun.javafx.event.CompositeEventHandler$NormalEventHandlerRecord.handleBubblingEvent(CompositeEventHandler.java:218)
	at com.sun.javafx.event.CompositeEventHandler.dispatchBubblingEvent(CompositeEventHandler.java:80)
	at com.sun.javafx.event.EventHandlerManager.dispatchBubblingEvent(EventHandlerManager.java:238)
	at com.sun.javafx.event.EventHandlerManager.dispatchBubblingEvent(EventHandlerManager.java:191)
	at com.sun.javafx.event.CompositeEventDispatcher.dispatchBubblingEvent(CompositeEventDispatcher.java:59)
	at com.sun.javafx.event.BasicEventDispatcher.dispatchEvent(BasicEventDispatcher.java:58)
	at com.sun.javafx.event.EventDispatchChainImpl.dispatchEvent(EventDispatchChainImpl.java:114)
	at com.sun.javafx.event.BasicEventDispatcher.dispatchEvent(BasicEventDispatcher.java:56)
	at com.sun.javafx.event.EventDispatchChainImpl.dispatchEvent(EventDispatchChainImpl.java:114)
	at com.sun.javafx.event.BasicEventDispatcher.dispatchEvent(BasicEventDispatcher.java:56)
	at com.sun.javafx.event.EventDispatchChainImpl.dispatchEvent(EventDispatchChainImpl.java:114)
	at com.sun.javafx.event.EventUtil.fireEventImpl(EventUtil.java:74)
	at com.sun.javafx.event.EventUtil.fireEvent(EventUtil.java:54)
	at javafx.event.Event.fireEvent(Event.java:198)
	at javafx.scene.Scene$MouseHandler.process(Scene.java:3757)
	at javafx.scene.Scene$MouseHandler.access$1500(Scene.java:3485)
	at javafx.scene.Scene.impl_processMouseEvent(Scene.java:1762)
	at javafx.scene.Scene$ScenePeerListener.mouseEvent(Scene.java:2494)
	at com.sun.javafx.tk.quantum.GlassViewEventHandler$MouseEventNotification.run(GlassViewEventHandler.java:380)
	at com.sun.javafx.tk.quantum.GlassViewEventHandler$MouseEventNotification.run(GlassViewEventHandler.java:294)
	at java.security.AccessController.doPrivileged(Native Method)
	at com.sun.javafx.tk.quantum.GlassViewEventHandler.lambda$handleMouseEvent$354(GlassViewEventHandler.java:416)
	at com.sun.javafx.tk.quantum.QuantumToolkit.runWithoutRenderLock(QuantumToolkit.java:389)
	at com.sun.javafx.tk.quantum.GlassViewEventHandler.handleMouseEvent(GlassViewEventHandler.java:415)
	at com.sun.glass.ui.View.handleMouseEvent(View.java:555)
	at com.sun.glass.ui.View.notifyMouse(View.java:937)
	at com.sun.glass.ui.win.WinApplication._enterNestedEventLoopImpl(Native Method)
	at com.sun.glass.ui.win.WinApplication._enterNestedEventLoop(WinApplication.java:218)
	at com.sun.glass.ui.Application.enterNestedEventLoop(Application.java:511)
	at com.sun.glass.ui.EventLoop.enter(EventLoop.java:107)
	at com.sun.javafx.tk.quantum.QuantumToolkit.enterNestedEventLoop(QuantumToolkit.java:583)
	at javafx.stage.Stage.showAndWait(Stage.java:474)
	at javafx.scene.control.HeavyweightDialog.showAndWait(HeavyweightDialog.java:162)
	at javafx.scene.control.Dialog.showAndWait(Dialog.java:341)
	at org.controlsfx.dialog.Wizard.showAndWait(Wizard.java:232)
	at org.soul.tools.generator.fx.ui.CodeGenerateWizard.start(CodeGenerateWizard.java:105)
	at com.sun.javafx.application.LauncherImpl.lambda$launchApplication1$162(LauncherImpl.java:863)
	at com.sun.javafx.application.PlatformImpl.lambda$runAndWait$175(PlatformImpl.java:326)
	at com.sun.javafx.application.PlatformImpl.lambda$null$173(PlatformImpl.java:295)
	at java.security.AccessController.doPrivileged(Native Method)
	at com.sun.javafx.application.PlatformImpl.lambda$runLater$174(PlatformImpl.java:294)
	at com.sun.glass.ui.InvokeLaterDispatcher$Future.run(InvokeLaterDispatcher.java:95)
	at com.sun.glass.ui.win.WinApplication._runLoop(Native Method)
	at com.sun.glass.ui.win.WinApplication.lambda$null$148(WinApplication.java:191)
	at java.lang.Thread.run(Thread.java:745)
Caused by: freemarker.core._TemplateModelException: An error has occurred when reading existing sub-variable "pkColumn"; see cause exception! The type of the containing value was: extended_hash+string (org.soul.tools.generator.core.provider.db.table.model.TableMetaData wrapped into f.e.b.StringModel)

----
FTL stack trace ("~" means nesting-related):
	- Failed at: ${table.pkColumn.javaType}  [in template "data\\java\\${basepackage_dir}\\data\\${module_dir}\\${className}Mapper.java" at line 17, column 73]
----
	at freemarker.ext.beans.BeanModel.get(BeanModel.java:199)
	at freemarker.core.Dot._eval(Dot.java:40)
	at freemarker.core.Expression.eval(Expression.java:78)
	at freemarker.core.Dot._eval(Dot.java:38)
	at freemarker.core.Expression.eval(Expression.java:78)
	at freemarker.core.Expression.evalAndCoerceToString(Expression.java:82)
	at freemarker.core.DollarVariable.accept(DollarVariable.java:40)
	at freemarker.core.Environment.visit(Environment.java:312)
	at freemarker.core.MixedContent.accept(MixedContent.java:62)
	at freemarker.core.Environment.visit(Environment.java:312)
	at freemarker.core.Environment.process(Environment.java:290)
	at freemarker.template.Template.process(Template.java:312)
	at org.soul.tools.generator.core.Generator$TemplateProcessor.processTemplateForGeneratorControl(Generator.java:263)
	at org.soul.tools.generator.core.Generator$TemplateProcessor.executeGenerate(Generator.java:221)
	... 83 more
Caused by: java.lang.reflect.InvocationTargetException
	at sun.reflect.NativeMethodAccessorImpl.invoke0(Native Method)
	at sun.reflect.NativeMethodAccessorImpl.invoke(NativeMethodAccessorImpl.java:62)
	at sun.reflect.DelegatingMethodAccessorImpl.invoke(DelegatingMethodAccessorImpl.java:43)
	at java.lang.reflect.Method.invoke(Method.java:498)
	at freemarker.ext.beans.BeansWrapper.invokeMethod(BeansWrapper.java:1458)
	at freemarker.ext.beans.BeanModel.invokeThroughDescriptor(BeanModel.java:255)
	at freemarker.ext.beans.BeanModel.get(BeanModel.java:159)
	... 96 more
Caused by: java.lang.IllegalStateException: not found primary key on table:v_warning_player_detail
	at org.soul.tools.generator.core.provider.db.table.model.TableMetaData.getPkColumn(TableMetaData.java:312)
	... 103 more
java.lang.RuntimeException: generate oucur error,templateFile is:data\resources\sqlMapper\${module_dir}\${className}Mapper.xml => data\resources\sqlMapper\warning\VWarningPlayerDetailMapper.xml cause:freemarker.core._TemplateModelException: An error has occurred when reading existing sub-variable "pkColumn"; see cause exception! The type of the containing value was: extended_hash+string (org.soul.tools.generator.core.provider.db.table.model.TableMetaData wrapped into f.e.b.StringModel)

----
FTL stack trace ("~" means nesting-related):
	- Failed at: ${table.pkColumn.sqlName}  [in template "data\\resources\\sqlMapper\\${module_dir}\\${className}Mapper.xml" at line 7, column 21]
----
	at org.soul.tools.generator.core.Generator$TemplateProcessor.executeGenerate(Generator.java:232)
	at org.soul.tools.generator.core.Generator$TemplateProcessor.access$100(Generator.java:182)
	at org.soul.tools.generator.core.Generator.scanTemplatesAndProcess(Generator.java:168)
	at org.soul.tools.generator.core.Generator.processTemplateRootDirs(Generator.java:149)
	at org.soul.tools.generator.core.Generator.generateBy(Generator.java:127)
	at org.soul.tools.generator.core.GeneratorFacade$ProcessUtils.processByTable(GeneratorFacade.java:186)
	at org.soul.tools.generator.core.GeneratorFacade$ProcessUtils.processByTable(GeneratorFacade.java:141)
	at org.soul.tools.generator.core.GeneratorFacade.generateByTable(GeneratorFacade.java:60)
	at org.soul.tools.generator.core.CodeGenerator.generate(CodeGenerator.java:75)
	at org.soul.tools.generator.fx.controller.FilesController.generate(FilesController.java:151)
	at sun.reflect.NativeMethodAccessorImpl.invoke0(Native Method)
	at sun.reflect.NativeMethodAccessorImpl.invoke(NativeMethodAccessorImpl.java:62)
	at sun.reflect.DelegatingMethodAccessorImpl.invoke(DelegatingMethodAccessorImpl.java:43)
	at java.lang.reflect.Method.invoke(Method.java:498)
	at sun.reflect.misc.Trampoline.invoke(MethodUtil.java:71)
	at sun.reflect.GeneratedMethodAccessor15.invoke(Unknown Source)
	at sun.reflect.DelegatingMethodAccessorImpl.invoke(DelegatingMethodAccessorImpl.java:43)
	at java.lang.reflect.Method.invoke(Method.java:498)
	at sun.reflect.misc.MethodUtil.invoke(MethodUtil.java:275)
	at javafx.fxml.FXMLLoader$MethodHandler.invoke(FXMLLoader.java:1769)
	at javafx.fxml.FXMLLoader$ControllerMethodEventHandler.handle(FXMLLoader.java:1657)
	at com.sun.javafx.event.CompositeEventHandler.dispatchBubblingEvent(CompositeEventHandler.java:86)
	at com.sun.javafx.event.EventHandlerManager.dispatchBubblingEvent(EventHandlerManager.java:238)
	at com.sun.javafx.event.EventHandlerManager.dispatchBubblingEvent(EventHandlerManager.java:191)
	at com.sun.javafx.event.CompositeEventDispatcher.dispatchBubblingEvent(CompositeEventDispatcher.java:59)
	at com.sun.javafx.event.BasicEventDispatcher.dispatchEvent(BasicEventDispatcher.java:58)
	at com.sun.javafx.event.EventDispatchChainImpl.dispatchEvent(EventDispatchChainImpl.java:114)
	at com.sun.javafx.event.BasicEventDispatcher.dispatchEvent(BasicEventDispatcher.java:56)
	at com.sun.javafx.event.EventDispatchChainImpl.dispatchEvent(EventDispatchChainImpl.java:114)
	at com.sun.javafx.event.BasicEventDispatcher.dispatchEvent(BasicEventDispatcher.java:56)
	at com.sun.javafx.event.EventDispatchChainImpl.dispatchEvent(EventDispatchChainImpl.java:114)
	at com.sun.javafx.event.EventUtil.fireEventImpl(EventUtil.java:74)
	at com.sun.javafx.event.EventUtil.fireEvent(EventUtil.java:49)
	at javafx.event.Event.fireEvent(Event.java:198)
	at javafx.scene.Node.fireEvent(Node.java:8411)
	at javafx.scene.control.Button.fire(Button.java:185)
	at com.sun.javafx.scene.control.behavior.ButtonBehavior.mouseReleased(ButtonBehavior.java:182)
	at com.sun.javafx.scene.control.skin.BehaviorSkinBase$1.handle(BehaviorSkinBase.java:96)
	at com.sun.javafx.scene.control.skin.BehaviorSkinBase$1.handle(BehaviorSkinBase.java:89)
	at com.sun.javafx.event.CompositeEventHandler$NormalEventHandlerRecord.handleBubblingEvent(CompositeEventHandler.java:218)
	at com.sun.javafx.event.CompositeEventHandler.dispatchBubblingEvent(CompositeEventHandler.java:80)
	at com.sun.javafx.event.EventHandlerManager.dispatchBubblingEvent(EventHandlerManager.java:238)
	at com.sun.javafx.event.EventHandlerManager.dispatchBubblingEvent(EventHandlerManager.java:191)
	at com.sun.javafx.event.CompositeEventDispatcher.dispatchBubblingEvent(CompositeEventDispatcher.java:59)
	at com.sun.javafx.event.BasicEventDispatcher.dispatchEvent(BasicEventDispatcher.java:58)
	at com.sun.javafx.event.EventDispatchChainImpl.dispatchEvent(EventDispatchChainImpl.java:114)
	at com.sun.javafx.event.BasicEventDispatcher.dispatchEvent(BasicEventDispatcher.java:56)
	at com.sun.javafx.event.EventDispatchChainImpl.dispatchEvent(EventDispatchChainImpl.java:114)
	at com.sun.javafx.event.BasicEventDispatcher.dispatchEvent(BasicEventDispatcher.java:56)
	at com.sun.javafx.event.EventDispatchChainImpl.dispatchEvent(EventDispatchChainImpl.java:114)
	at com.sun.javafx.event.EventUtil.fireEventImpl(EventUtil.java:74)
	at com.sun.javafx.event.EventUtil.fireEvent(EventUtil.java:54)
	at javafx.event.Event.fireEvent(Event.java:198)
	at javafx.scene.Scene$MouseHandler.process(Scene.java:3757)
	at javafx.scene.Scene$MouseHandler.access$1500(Scene.java:3485)
	at javafx.scene.Scene.impl_processMouseEvent(Scene.java:1762)
	at javafx.scene.Scene$ScenePeerListener.mouseEvent(Scene.java:2494)
	at com.sun.javafx.tk.quantum.GlassViewEventHandler$MouseEventNotification.run(GlassViewEventHandler.java:380)
	at com.sun.javafx.tk.quantum.GlassViewEventHandler$MouseEventNotification.run(GlassViewEventHandler.java:294)
	at java.security.AccessController.doPrivileged(Native Method)
	at com.sun.javafx.tk.quantum.GlassViewEventHandler.lambda$handleMouseEvent$354(GlassViewEventHandler.java:416)
	at com.sun.javafx.tk.quantum.QuantumToolkit.runWithoutRenderLock(QuantumToolkit.java:389)
	at com.sun.javafx.tk.quantum.GlassViewEventHandler.handleMouseEvent(GlassViewEventHandler.java:415)
	at com.sun.glass.ui.View.handleMouseEvent(View.java:555)
	at com.sun.glass.ui.View.notifyMouse(View.java:937)
	at com.sun.glass.ui.win.WinApplication._enterNestedEventLoopImpl(Native Method)
	at com.sun.glass.ui.win.WinApplication._enterNestedEventLoop(WinApplication.java:218)
	at com.sun.glass.ui.Application.enterNestedEventLoop(Application.java:511)
	at com.sun.glass.ui.EventLoop.enter(EventLoop.java:107)
	at com.sun.javafx.tk.quantum.QuantumToolkit.enterNestedEventLoop(QuantumToolkit.java:583)
	at javafx.stage.Stage.showAndWait(Stage.java:474)
	at javafx.scene.control.HeavyweightDialog.showAndWait(HeavyweightDialog.java:162)
	at javafx.scene.control.Dialog.showAndWait(Dialog.java:341)
	at org.controlsfx.dialog.Wizard.showAndWait(Wizard.java:232)
	at org.soul.tools.generator.fx.ui.CodeGenerateWizard.start(CodeGenerateWizard.java:105)
	at com.sun.javafx.application.LauncherImpl.lambda$launchApplication1$162(LauncherImpl.java:863)
	at com.sun.javafx.application.PlatformImpl.lambda$runAndWait$175(PlatformImpl.java:326)
	at com.sun.javafx.application.PlatformImpl.lambda$null$173(PlatformImpl.java:295)
	at java.security.AccessController.doPrivileged(Native Method)
	at com.sun.javafx.application.PlatformImpl.lambda$runLater$174(PlatformImpl.java:294)
	at com.sun.glass.ui.InvokeLaterDispatcher$Future.run(InvokeLaterDispatcher.java:95)
	at com.sun.glass.ui.win.WinApplication._runLoop(Native Method)
	at com.sun.glass.ui.win.WinApplication.lambda$null$148(WinApplication.java:191)
	at java.lang.Thread.run(Thread.java:745)
Caused by: freemarker.core._TemplateModelException: An error has occurred when reading existing sub-variable "pkColumn"; see cause exception! The type of the containing value was: extended_hash+string (org.soul.tools.generator.core.provider.db.table.model.TableMetaData wrapped into f.e.b.StringModel)

----
FTL stack trace ("~" means nesting-related):
	- Failed at: ${table.pkColumn.sqlName}  [in template "data\\resources\\sqlMapper\\${module_dir}\\${className}Mapper.xml" at line 7, column 21]
----
	at freemarker.ext.beans.BeanModel.get(BeanModel.java:199)
	at freemarker.core.Dot._eval(Dot.java:40)
	at freemarker.core.Expression.eval(Expression.java:78)
	at freemarker.core.Dot._eval(Dot.java:38)
	at freemarker.core.Expression.eval(Expression.java:78)
	at freemarker.core.Expression.evalAndCoerceToString(Expression.java:82)
	at freemarker.core.DollarVariable.accept(DollarVariable.java:40)
	at freemarker.core.Environment.visit(Environment.java:312)
	at freemarker.core.MixedContent.accept(MixedContent.java:62)
	at freemarker.core.Environment.visit(Environment.java:312)
	at freemarker.core.Environment.process(Environment.java:290)
	at freemarker.template.Template.process(Template.java:312)
	at org.soul.tools.generator.core.Generator$TemplateProcessor.processTemplateForGeneratorControl(Generator.java:263)
	at org.soul.tools.generator.core.Generator$TemplateProcessor.executeGenerate(Generator.java:221)
	... 83 more
Caused by: java.lang.reflect.InvocationTargetException
	at sun.reflect.NativeMethodAccessorImpl.invoke0(Native Method)
	at sun.reflect.NativeMethodAccessorImpl.invoke(NativeMethodAccessorImpl.java:62)
	at sun.reflect.DelegatingMethodAccessorImpl.invoke(DelegatingMethodAccessorImpl.java:43)
	at java.lang.reflect.Method.invoke(Method.java:498)
	at freemarker.ext.beans.BeansWrapper.invokeMethod(BeansWrapper.java:1458)
	at freemarker.ext.beans.BeanModel.invokeThroughDescriptor(BeanModel.java:255)
	at freemarker.ext.beans.BeanModel.get(BeanModel.java:159)
	... 96 more
Caused by: java.lang.IllegalStateException: not found primary key on table:v_warning_player_detail
	at org.soul.tools.generator.core.provider.db.table.model.TableMetaData.getPkColumn(TableMetaData.java:312)
	... 103 more
java.lang.RuntimeException: generate oucur error,templateFile is:iservice\iservice-common\java\${basepackage_dir}\service\${module_dir}\I${className}Service.java => iservice\iservice-common\java\g\service\warning\IVWarningPlayerDetailService.java cause:freemarker.core._TemplateModelException: An error has occurred when reading existing sub-variable "pkColumn"; see cause exception! The type of the containing value was: extended_hash+string (org.soul.tools.generator.core.provider.db.table.model.TableMetaData wrapped into f.e.b.StringModel)

----
FTL stack trace ("~" means nesting-related):
	- Failed at: ${table.pkColumn.javaType}  [in template "iservice\\iservice-common\\java\\${basepackage_dir}\\service\\${module_dir}\\I${className}Service.java" at line 12, column 110]
----
	at org.soul.tools.generator.core.Generator$TemplateProcessor.executeGenerate(Generator.java:232)
	at org.soul.tools.generator.core.Generator$TemplateProcessor.access$100(Generator.java:182)
	at org.soul.tools.generator.core.Generator.scanTemplatesAndProcess(Generator.java:168)
	at org.soul.tools.generator.core.Generator.processTemplateRootDirs(Generator.java:149)
	at org.soul.tools.generator.core.Generator.generateBy(Generator.java:127)
	at org.soul.tools.generator.core.GeneratorFacade$ProcessUtils.processByTable(GeneratorFacade.java:186)
	at org.soul.tools.generator.core.GeneratorFacade$ProcessUtils.processByTable(GeneratorFacade.java:141)
	at org.soul.tools.generator.core.GeneratorFacade.generateByTable(GeneratorFacade.java:60)
	at org.soul.tools.generator.core.CodeGenerator.generate(CodeGenerator.java:75)
	at org.soul.tools.generator.fx.controller.FilesController.generate(FilesController.java:151)
	at sun.reflect.NativeMethodAccessorImpl.invoke0(Native Method)
	at sun.reflect.NativeMethodAccessorImpl.invoke(NativeMethodAccessorImpl.java:62)
	at sun.reflect.DelegatingMethodAccessorImpl.invoke(DelegatingMethodAccessorImpl.java:43)
	at java.lang.reflect.Method.invoke(Method.java:498)
	at sun.reflect.misc.Trampoline.invoke(MethodUtil.java:71)
	at sun.reflect.GeneratedMethodAccessor15.invoke(Unknown Source)
	at sun.reflect.DelegatingMethodAccessorImpl.invoke(DelegatingMethodAccessorImpl.java:43)
	at java.lang.reflect.Method.invoke(Method.java:498)
	at sun.reflect.misc.MethodUtil.invoke(MethodUtil.java:275)
	at javafx.fxml.FXMLLoader$MethodHandler.invoke(FXMLLoader.java:1769)
	at javafx.fxml.FXMLLoader$ControllerMethodEventHandler.handle(FXMLLoader.java:1657)
	at com.sun.javafx.event.CompositeEventHandler.dispatchBubblingEvent(CompositeEventHandler.java:86)
	at com.sun.javafx.event.EventHandlerManager.dispatchBubblingEvent(EventHandlerManager.java:238)
	at com.sun.javafx.event.EventHandlerManager.dispatchBubblingEvent(EventHandlerManager.java:191)
	at com.sun.javafx.event.CompositeEventDispatcher.dispatchBubblingEvent(CompositeEventDispatcher.java:59)
	at com.sun.javafx.event.BasicEventDispatcher.dispatchEvent(BasicEventDispatcher.java:58)
	at com.sun.javafx.event.EventDispatchChainImpl.dispatchEvent(EventDispatchChainImpl.java:114)
	at com.sun.javafx.event.BasicEventDispatcher.dispatchEvent(BasicEventDispatcher.java:56)
	at com.sun.javafx.event.EventDispatchChainImpl.dispatchEvent(EventDispatchChainImpl.java:114)
	at com.sun.javafx.event.BasicEventDispatcher.dispatchEvent(BasicEventDispatcher.java:56)
	at com.sun.javafx.event.EventDispatchChainImpl.dispatchEvent(EventDispatchChainImpl.java:114)
	at com.sun.javafx.event.EventUtil.fireEventImpl(EventUtil.java:74)
	at com.sun.javafx.event.EventUtil.fireEvent(EventUtil.java:49)
	at javafx.event.Event.fireEvent(Event.java:198)
	at javafx.scene.Node.fireEvent(Node.java:8411)
	at javafx.scene.control.Button.fire(Button.java:185)
	at com.sun.javafx.scene.control.behavior.ButtonBehavior.mouseReleased(ButtonBehavior.java:182)
	at com.sun.javafx.scene.control.skin.BehaviorSkinBase$1.handle(BehaviorSkinBase.java:96)
	at com.sun.javafx.scene.control.skin.BehaviorSkinBase$1.handle(BehaviorSkinBase.java:89)
	at com.sun.javafx.event.CompositeEventHandler$NormalEventHandlerRecord.handleBubblingEvent(CompositeEventHandler.java:218)
	at com.sun.javafx.event.CompositeEventHandler.dispatchBubblingEvent(CompositeEventHandler.java:80)
	at com.sun.javafx.event.EventHandlerManager.dispatchBubblingEvent(EventHandlerManager.java:238)
	at com.sun.javafx.event.EventHandlerManager.dispatchBubblingEvent(EventHandlerManager.java:191)
	at com.sun.javafx.event.CompositeEventDispatcher.dispatchBubblingEvent(CompositeEventDispatcher.java:59)
	at com.sun.javafx.event.BasicEventDispatcher.dispatchEvent(BasicEventDispatcher.java:58)
	at com.sun.javafx.event.EventDispatchChainImpl.dispatchEvent(EventDispatchChainImpl.java:114)
	at com.sun.javafx.event.BasicEventDispatcher.dispatchEvent(BasicEventDispatcher.java:56)
	at com.sun.javafx.event.EventDispatchChainImpl.dispatchEvent(EventDispatchChainImpl.java:114)
	at com.sun.javafx.event.BasicEventDispatcher.dispatchEvent(BasicEventDispatcher.java:56)
	at com.sun.javafx.event.EventDispatchChainImpl.dispatchEvent(EventDispatchChainImpl.java:114)
	at com.sun.javafx.event.EventUtil.fireEventImpl(EventUtil.java:74)
	at com.sun.javafx.event.EventUtil.fireEvent(EventUtil.java:54)
	at javafx.event.Event.fireEvent(Event.java:198)
	at javafx.scene.Scene$MouseHandler.process(Scene.java:3757)
	at javafx.scene.Scene$MouseHandler.access$1500(Scene.java:3485)
	at javafx.scene.Scene.impl_processMouseEvent(Scene.java:1762)
	at javafx.scene.Scene$ScenePeerListener.mouseEvent(Scene.java:2494)
	at com.sun.javafx.tk.quantum.GlassViewEventHandler$MouseEventNotification.run(GlassViewEventHandler.java:380)
	at com.sun.javafx.tk.quantum.GlassViewEventHandler$MouseEventNotification.run(GlassViewEventHandler.java:294)
	at java.security.AccessController.doPrivileged(Native Method)
	at com.sun.javafx.tk.quantum.GlassViewEventHandler.lambda$handleMouseEvent$354(GlassViewEventHandler.java:416)
	at com.sun.javafx.tk.quantum.QuantumToolkit.runWithoutRenderLock(QuantumToolkit.java:389)
	at com.sun.javafx.tk.quantum.GlassViewEventHandler.handleMouseEvent(GlassViewEventHandler.java:415)
	at com.sun.glass.ui.View.handleMouseEvent(View.java:555)
	at com.sun.glass.ui.View.notifyMouse(View.java:937)
	at com.sun.glass.ui.win.WinApplication._enterNestedEventLoopImpl(Native Method)
	at com.sun.glass.ui.win.WinApplication._enterNestedEventLoop(WinApplication.java:218)
	at com.sun.glass.ui.Application.enterNestedEventLoop(Application.java:511)
	at com.sun.glass.ui.EventLoop.enter(EventLoop.java:107)
	at com.sun.javafx.tk.quantum.QuantumToolkit.enterNestedEventLoop(QuantumToolkit.java:583)
	at javafx.stage.Stage.showAndWait(Stage.java:474)
	at javafx.scene.control.HeavyweightDialog.showAndWait(HeavyweightDialog.java:162)
	at javafx.scene.control.Dialog.showAndWait(Dialog.java:341)
	at org.controlsfx.dialog.Wizard.showAndWait(Wizard.java:232)
	at org.soul.tools.generator.fx.ui.CodeGenerateWizard.start(CodeGenerateWizard.java:105)
	at com.sun.javafx.application.LauncherImpl.lambda$launchApplication1$162(LauncherImpl.java:863)
	at com.sun.javafx.application.PlatformImpl.lambda$runAndWait$175(PlatformImpl.java:326)
	at com.sun.javafx.application.PlatformImpl.lambda$null$173(PlatformImpl.java:295)
	at java.security.AccessController.doPrivileged(Native Method)
	at com.sun.javafx.application.PlatformImpl.lambda$runLater$174(PlatformImpl.java:294)
	at com.sun.glass.ui.InvokeLaterDispatcher$Future.run(InvokeLaterDispatcher.java:95)
	at com.sun.glass.ui.win.WinApplication._runLoop(Native Method)
	at com.sun.glass.ui.win.WinApplication.lambda$null$148(WinApplication.java:191)
	at java.lang.Thread.run(Thread.java:745)
Caused by: freemarker.core._TemplateModelException: An error has occurred when reading existing sub-variable "pkColumn"; see cause exception! The type of the containing value was: extended_hash+string (org.soul.tools.generator.core.provider.db.table.model.TableMetaData wrapped into f.e.b.StringModel)

----
FTL stack trace ("~" means nesting-related):
	- Failed at: ${table.pkColumn.javaType}  [in template "iservice\\iservice-common\\java\\${basepackage_dir}\\service\\${module_dir}\\I${className}Service.java" at line 12, column 110]
----
	at freemarker.ext.beans.BeanModel.get(BeanModel.java:199)
	at freemarker.core.Dot._eval(Dot.java:40)
	at freemarker.core.Expression.eval(Expression.java:78)
	at freemarker.core.Dot._eval(Dot.java:38)
	at freemarker.core.Expression.eval(Expression.java:78)
	at freemarker.core.Expression.evalAndCoerceToString(Expression.java:82)
	at freemarker.core.DollarVariable.accept(DollarVariable.java:40)
	at freemarker.core.Environment.visit(Environment.java:312)
	at freemarker.core.MixedContent.accept(MixedContent.java:62)
	at freemarker.core.Environment.visit(Environment.java:312)
	at freemarker.core.Environment.process(Environment.java:290)
	at freemarker.template.Template.process(Template.java:312)
	at org.soul.tools.generator.core.Generator$TemplateProcessor.processTemplateForGeneratorControl(Generator.java:263)
	at org.soul.tools.generator.core.Generator$TemplateProcessor.executeGenerate(Generator.java:221)
	... 83 more
Caused by: java.lang.reflect.InvocationTargetException
	at sun.reflect.NativeMethodAccessorImpl.invoke0(Native Method)
	at sun.reflect.NativeMethodAccessorImpl.invoke(NativeMethodAccessorImpl.java:62)
	at sun.reflect.DelegatingMethodAccessorImpl.invoke(DelegatingMethodAccessorImpl.java:43)
	at java.lang.reflect.Method.invoke(Method.java:498)
	at freemarker.ext.beans.BeansWrapper.invokeMethod(BeansWrapper.java:1458)
	at freemarker.ext.beans.BeanModel.invokeThroughDescriptor(BeanModel.java:255)
	at freemarker.ext.beans.BeanModel.get(BeanModel.java:159)
	... 96 more
Caused by: java.lang.IllegalStateException: not found primary key on table:v_warning_player_detail
	at org.soul.tools.generator.core.provider.db.table.model.TableMetaData.getPkColumn(TableMetaData.java:312)
	... 103 more
java.lang.RuntimeException: generate oucur error,templateFile is:model\model-common\java\${basepackage_dir}\model\${module_dir}\po\${className}.java => model\model-common\java\g\model\warning\po\VWarningPlayerDetail.java cause:freemarker.core._TemplateModelException: An error has occurred when reading existing sub-variable "pkColumn"; see cause exception! The type of the containing value was: extended_hash+string (org.soul.tools.generator.core.provider.db.table.model.TableMetaData wrapped into f.e.b.StringModel)

----
FTL stack trace ("~" means nesting-related):
	- Failed at: ${table.pkColumn.javaType}  [in template "model\\model-common\\java\\${basepackage_dir}\\model\\${module_dir}\\po\\${className}.java" at line 10, column 46]
----
	at org.soul.tools.generator.core.Generator$TemplateProcessor.executeGenerate(Generator.java:232)
	at org.soul.tools.generator.core.Generator$TemplateProcessor.access$100(Generator.java:182)
	at org.soul.tools.generator.core.Generator.scanTemplatesAndProcess(Generator.java:168)
	at org.soul.tools.generator.core.Generator.processTemplateRootDirs(Generator.java:149)
	at org.soul.tools.generator.core.Generator.generateBy(Generator.java:127)
	at org.soul.tools.generator.core.GeneratorFacade$ProcessUtils.processByTable(GeneratorFacade.java:186)
	at org.soul.tools.generator.core.GeneratorFacade$ProcessUtils.processByTable(GeneratorFacade.java:141)
	at org.soul.tools.generator.core.GeneratorFacade.generateByTable(GeneratorFacade.java:60)
	at org.soul.tools.generator.core.CodeGenerator.generate(CodeGenerator.java:75)
	at org.soul.tools.generator.fx.controller.FilesController.generate(FilesController.java:151)
	at sun.reflect.NativeMethodAccessorImpl.invoke0(Native Method)
	at sun.reflect.NativeMethodAccessorImpl.invoke(NativeMethodAccessorImpl.java:62)
	at sun.reflect.DelegatingMethodAccessorImpl.invoke(DelegatingMethodAccessorImpl.java:43)
	at java.lang.reflect.Method.invoke(Method.java:498)
	at sun.reflect.misc.Trampoline.invoke(MethodUtil.java:71)
	at sun.reflect.GeneratedMethodAccessor15.invoke(Unknown Source)
	at sun.reflect.DelegatingMethodAccessorImpl.invoke(DelegatingMethodAccessorImpl.java:43)
	at java.lang.reflect.Method.invoke(Method.java:498)
	at sun.reflect.misc.MethodUtil.invoke(MethodUtil.java:275)
	at javafx.fxml.FXMLLoader$MethodHandler.invoke(FXMLLoader.java:1769)
	at javafx.fxml.FXMLLoader$ControllerMethodEventHandler.handle(FXMLLoader.java:1657)
	at com.sun.javafx.event.CompositeEventHandler.dispatchBubblingEvent(CompositeEventHandler.java:86)
	at com.sun.javafx.event.EventHandlerManager.dispatchBubblingEvent(EventHandlerManager.java:238)
	at com.sun.javafx.event.EventHandlerManager.dispatchBubblingEvent(EventHandlerManager.java:191)
	at com.sun.javafx.event.CompositeEventDispatcher.dispatchBubblingEvent(CompositeEventDispatcher.java:59)
	at com.sun.javafx.event.BasicEventDispatcher.dispatchEvent(BasicEventDispatcher.java:58)
	at com.sun.javafx.event.EventDispatchChainImpl.dispatchEvent(EventDispatchChainImpl.java:114)
	at com.sun.javafx.event.BasicEventDispatcher.dispatchEvent(BasicEventDispatcher.java:56)
	at com.sun.javafx.event.EventDispatchChainImpl.dispatchEvent(EventDispatchChainImpl.java:114)
	at com.sun.javafx.event.BasicEventDispatcher.dispatchEvent(BasicEventDispatcher.java:56)
	at com.sun.javafx.event.EventDispatchChainImpl.dispatchEvent(EventDispatchChainImpl.java:114)
	at com.sun.javafx.event.EventUtil.fireEventImpl(EventUtil.java:74)
	at com.sun.javafx.event.EventUtil.fireEvent(EventUtil.java:49)
	at javafx.event.Event.fireEvent(Event.java:198)
	at javafx.scene.Node.fireEvent(Node.java:8411)
	at javafx.scene.control.Button.fire(Button.java:185)
	at com.sun.javafx.scene.control.behavior.ButtonBehavior.mouseReleased(ButtonBehavior.java:182)
	at com.sun.javafx.scene.control.skin.BehaviorSkinBase$1.handle(BehaviorSkinBase.java:96)
	at com.sun.javafx.scene.control.skin.BehaviorSkinBase$1.handle(BehaviorSkinBase.java:89)
	at com.sun.javafx.event.CompositeEventHandler$NormalEventHandlerRecord.handleBubblingEvent(CompositeEventHandler.java:218)
	at com.sun.javafx.event.CompositeEventHandler.dispatchBubblingEvent(CompositeEventHandler.java:80)
	at com.sun.javafx.event.EventHandlerManager.dispatchBubblingEvent(EventHandlerManager.java:238)
	at com.sun.javafx.event.EventHandlerManager.dispatchBubblingEvent(EventHandlerManager.java:191)
	at com.sun.javafx.event.CompositeEventDispatcher.dispatchBubblingEvent(CompositeEventDispatcher.java:59)
	at com.sun.javafx.event.BasicEventDispatcher.dispatchEvent(BasicEventDispatcher.java:58)
	at com.sun.javafx.event.EventDispatchChainImpl.dispatchEvent(EventDispatchChainImpl.java:114)
	at com.sun.javafx.event.BasicEventDispatcher.dispatchEvent(BasicEventDispatcher.java:56)
	at com.sun.javafx.event.EventDispatchChainImpl.dispatchEvent(EventDispatchChainImpl.java:114)
	at com.sun.javafx.event.BasicEventDispatcher.dispatchEvent(BasicEventDispatcher.java:56)
	at com.sun.javafx.event.EventDispatchChainImpl.dispatchEvent(EventDispatchChainImpl.java:114)
	at com.sun.javafx.event.EventUtil.fireEventImpl(EventUtil.java:74)
	at com.sun.javafx.event.EventUtil.fireEvent(EventUtil.java:54)
	at javafx.event.Event.fireEvent(Event.java:198)
	at javafx.scene.Scene$MouseHandler.process(Scene.java:3757)
	at javafx.scene.Scene$MouseHandler.access$1500(Scene.java:3485)
	at javafx.scene.Scene.impl_processMouseEvent(Scene.java:1762)
	at javafx.scene.Scene$ScenePeerListener.mouseEvent(Scene.java:2494)
	at com.sun.javafx.tk.quantum.GlassViewEventHandler$MouseEventNotification.run(GlassViewEventHandler.java:380)
	at com.sun.javafx.tk.quantum.GlassViewEventHandler$MouseEventNotification.run(GlassViewEventHandler.java:294)
	at java.security.AccessController.doPrivileged(Native Method)
	at com.sun.javafx.tk.quantum.GlassViewEventHandler.lambda$handleMouseEvent$354(GlassViewEventHandler.java:416)
	at com.sun.javafx.tk.quantum.QuantumToolkit.runWithoutRenderLock(QuantumToolkit.java:389)
	at com.sun.javafx.tk.quantum.GlassViewEventHandler.handleMouseEvent(GlassViewEventHandler.java:415)
	at com.sun.glass.ui.View.handleMouseEvent(View.java:555)
	at com.sun.glass.ui.View.notifyMouse(View.java:937)
	at com.sun.glass.ui.win.WinApplication._enterNestedEventLoopImpl(Native Method)
	at com.sun.glass.ui.win.WinApplication._enterNestedEventLoop(WinApplication.java:218)
	at com.sun.glass.ui.Application.enterNestedEventLoop(Application.java:511)
	at com.sun.glass.ui.EventLoop.enter(EventLoop.java:107)
	at com.sun.javafx.tk.quantum.QuantumToolkit.enterNestedEventLoop(QuantumToolkit.java:583)
	at javafx.stage.Stage.showAndWait(Stage.java:474)
	at javafx.scene.control.HeavyweightDialog.showAndWait(HeavyweightDialog.java:162)
	at javafx.scene.control.Dialog.showAndWait(Dialog.java:341)
	at org.controlsfx.dialog.Wizard.showAndWait(Wizard.java:232)
	at org.soul.tools.generator.fx.ui.CodeGenerateWizard.start(CodeGenerateWizard.java:105)
	at com.sun.javafx.application.LauncherImpl.lambda$launchApplication1$162(LauncherImpl.java:863)
	at com.sun.javafx.application.PlatformImpl.lambda$runAndWait$175(PlatformImpl.java:326)
	at com.sun.javafx.application.PlatformImpl.lambda$null$173(PlatformImpl.java:295)
	at java.security.AccessController.doPrivileged(Native Method)
	at com.sun.javafx.application.PlatformImpl.lambda$runLater$174(PlatformImpl.java:294)
	at com.sun.glass.ui.InvokeLaterDispatcher$Future.run(InvokeLaterDispatcher.java:95)
	at com.sun.glass.ui.win.WinApplication._runLoop(Native Method)
	at com.sun.glass.ui.win.WinApplication.lambda$null$148(WinApplication.java:191)
	at java.lang.Thread.run(Thread.java:745)
Caused by: freemarker.core._TemplateModelException: An error has occurred when reading existing sub-variable "pkColumn"; see cause exception! The type of the containing value was: extended_hash+string (org.soul.tools.generator.core.provider.db.table.model.TableMetaData wrapped into f.e.b.StringModel)

----
FTL stack trace ("~" means nesting-related):
	- Failed at: ${table.pkColumn.javaType}  [in template "model\\model-common\\java\\${basepackage_dir}\\model\\${module_dir}\\po\\${className}.java" at line 10, column 46]
----
	at freemarker.ext.beans.BeanModel.get(BeanModel.java:199)
	at freemarker.core.Dot._eval(Dot.java:40)
	at freemarker.core.Expression.eval(Expression.java:78)
	at freemarker.core.Dot._eval(Dot.java:38)
	at freemarker.core.Expression.eval(Expression.java:78)
	at freemarker.core.Expression.evalAndCoerceToString(Expression.java:82)
	at freemarker.core.DollarVariable.accept(DollarVariable.java:40)
	at freemarker.core.Environment.visit(Environment.java:312)
	at freemarker.core.MixedContent.accept(MixedContent.java:62)
	at freemarker.core.Environment.visit(Environment.java:312)
	at freemarker.core.Environment.process(Environment.java:290)
	at freemarker.template.Template.process(Template.java:312)
	at org.soul.tools.generator.core.Generator$TemplateProcessor.processTemplateForGeneratorControl(Generator.java:263)
	at org.soul.tools.generator.core.Generator$TemplateProcessor.executeGenerate(Generator.java:221)
	... 83 more
Caused by: java.lang.reflect.InvocationTargetException
	at sun.reflect.NativeMethodAccessorImpl.invoke0(Native Method)
	at sun.reflect.NativeMethodAccessorImpl.invoke(NativeMethodAccessorImpl.java:62)
	at sun.reflect.DelegatingMethodAccessorImpl.invoke(DelegatingMethodAccessorImpl.java:43)
	at java.lang.reflect.Method.invoke(Method.java:498)
	at freemarker.ext.beans.BeansWrapper.invokeMethod(BeansWrapper.java:1458)
	at freemarker.ext.beans.BeanModel.invokeThroughDescriptor(BeanModel.java:255)
	at freemarker.ext.beans.BeanModel.get(BeanModel.java:159)
	... 96 more
Caused by: java.lang.IllegalStateException: not found primary key on table:v_warning_player_detail
	at org.soul.tools.generator.core.provider.db.table.model.TableMetaData.getPkColumn(TableMetaData.java:312)
	... 103 more
java.lang.RuntimeException: generate oucur error,templateFile is:service\service-common\java\${basepackage_dir}\service\${module_dir}\${className}Service.java => service\service-common\java\g\service\warning\VWarningPlayerDetailService.java cause:freemarker.core._TemplateModelException: An error has occurred when reading existing sub-variable "pkColumn"; see cause exception! The type of the containing value was: extended_hash+string (org.soul.tools.generator.core.provider.db.table.model.TableMetaData wrapped into f.e.b.StringModel)

----
FTL stack trace ("~" means nesting-related):
	- Failed at: ${table.pkColumn.javaType}  [in template "service\\service-common\\java\\${basepackage_dir}\\service\\${module_dir}\\${className}Service.java" at line 14, column 124]
----
	at org.soul.tools.generator.core.Generator$TemplateProcessor.executeGenerate(Generator.java:232)
	at org.soul.tools.generator.core.Generator$TemplateProcessor.access$100(Generator.java:182)
	at org.soul.tools.generator.core.Generator.scanTemplatesAndProcess(Generator.java:168)
	at org.soul.tools.generator.core.Generator.processTemplateRootDirs(Generator.java:149)
	at org.soul.tools.generator.core.Generator.generateBy(Generator.java:127)
	at org.soul.tools.generator.core.GeneratorFacade$ProcessUtils.processByTable(GeneratorFacade.java:186)
	at org.soul.tools.generator.core.GeneratorFacade$ProcessUtils.processByTable(GeneratorFacade.java:141)
	at org.soul.tools.generator.core.GeneratorFacade.generateByTable(GeneratorFacade.java:60)
	at org.soul.tools.generator.core.CodeGenerator.generate(CodeGenerator.java:75)
	at org.soul.tools.generator.fx.controller.FilesController.generate(FilesController.java:151)
	at sun.reflect.NativeMethodAccessorImpl.invoke0(Native Method)
	at sun.reflect.NativeMethodAccessorImpl.invoke(NativeMethodAccessorImpl.java:62)
	at sun.reflect.DelegatingMethodAccessorImpl.invoke(DelegatingMethodAccessorImpl.java:43)
	at java.lang.reflect.Method.invoke(Method.java:498)
	at sun.reflect.misc.Trampoline.invoke(MethodUtil.java:71)
	at sun.reflect.GeneratedMethodAccessor15.invoke(Unknown Source)
	at sun.reflect.DelegatingMethodAccessorImpl.invoke(DelegatingMethodAccessorImpl.java:43)
	at java.lang.reflect.Method.invoke(Method.java:498)
	at sun.reflect.misc.MethodUtil.invoke(MethodUtil.java:275)
	at javafx.fxml.FXMLLoader$MethodHandler.invoke(FXMLLoader.java:1769)
	at javafx.fxml.FXMLLoader$ControllerMethodEventHandler.handle(FXMLLoader.java:1657)
	at com.sun.javafx.event.CompositeEventHandler.dispatchBubblingEvent(CompositeEventHandler.java:86)
	at com.sun.javafx.event.EventHandlerManager.dispatchBubblingEvent(EventHandlerManager.java:238)
	at com.sun.javafx.event.EventHandlerManager.dispatchBubblingEvent(EventHandlerManager.java:191)
	at com.sun.javafx.event.CompositeEventDispatcher.dispatchBubblingEvent(CompositeEventDispatcher.java:59)
	at com.sun.javafx.event.BasicEventDispatcher.dispatchEvent(BasicEventDispatcher.java:58)
	at com.sun.javafx.event.EventDispatchChainImpl.dispatchEvent(EventDispatchChainImpl.java:114)
	at com.sun.javafx.event.BasicEventDispatcher.dispatchEvent(BasicEventDispatcher.java:56)
	at com.sun.javafx.event.EventDispatchChainImpl.dispatchEvent(EventDispatchChainImpl.java:114)
	at com.sun.javafx.event.BasicEventDispatcher.dispatchEvent(BasicEventDispatcher.java:56)
	at com.sun.javafx.event.EventDispatchChainImpl.dispatchEvent(EventDispatchChainImpl.java:114)
	at com.sun.javafx.event.EventUtil.fireEventImpl(EventUtil.java:74)
	at com.sun.javafx.event.EventUtil.fireEvent(EventUtil.java:49)
	at javafx.event.Event.fireEvent(Event.java:198)
	at javafx.scene.Node.fireEvent(Node.java:8411)
	at javafx.scene.control.Button.fire(Button.java:185)
	at com.sun.javafx.scene.control.behavior.ButtonBehavior.mouseReleased(ButtonBehavior.java:182)
	at com.sun.javafx.scene.control.skin.BehaviorSkinBase$1.handle(BehaviorSkinBase.java:96)
	at com.sun.javafx.scene.control.skin.BehaviorSkinBase$1.handle(BehaviorSkinBase.java:89)
	at com.sun.javafx.event.CompositeEventHandler$NormalEventHandlerRecord.handleBubblingEvent(CompositeEventHandler.java:218)
	at com.sun.javafx.event.CompositeEventHandler.dispatchBubblingEvent(CompositeEventHandler.java:80)
	at com.sun.javafx.event.EventHandlerManager.dispatchBubblingEvent(EventHandlerManager.java:238)
	at com.sun.javafx.event.EventHandlerManager.dispatchBubblingEvent(EventHandlerManager.java:191)
	at com.sun.javafx.event.CompositeEventDispatcher.dispatchBubblingEvent(CompositeEventDispatcher.java:59)
	at com.sun.javafx.event.BasicEventDispatcher.dispatchEvent(BasicEventDispatcher.java:58)
	at com.sun.javafx.event.EventDispatchChainImpl.dispatchEvent(EventDispatchChainImpl.java:114)
	at com.sun.javafx.event.BasicEventDispatcher.dispatchEvent(BasicEventDispatcher.java:56)
	at com.sun.javafx.event.EventDispatchChainImpl.dispatchEvent(EventDispatchChainImpl.java:114)
	at com.sun.javafx.event.BasicEventDispatcher.dispatchEvent(BasicEventDispatcher.java:56)
	at com.sun.javafx.event.EventDispatchChainImpl.dispatchEvent(EventDispatchChainImpl.java:114)
	at com.sun.javafx.event.EventUtil.fireEventImpl(EventUtil.java:74)
	at com.sun.javafx.event.EventUtil.fireEvent(EventUtil.java:54)
	at javafx.event.Event.fireEvent(Event.java:198)
	at javafx.scene.Scene$MouseHandler.process(Scene.java:3757)
	at javafx.scene.Scene$MouseHandler.access$1500(Scene.java:3485)
	at javafx.scene.Scene.impl_processMouseEvent(Scene.java:1762)
	at javafx.scene.Scene$ScenePeerListener.mouseEvent(Scene.java:2494)
	at com.sun.javafx.tk.quantum.GlassViewEventHandler$MouseEventNotification.run(GlassViewEventHandler.java:380)
	at com.sun.javafx.tk.quantum.GlassViewEventHandler$MouseEventNotification.run(GlassViewEventHandler.java:294)
	at java.security.AccessController.doPrivileged(Native Method)
	at com.sun.javafx.tk.quantum.GlassViewEventHandler.lambda$handleMouseEvent$354(GlassViewEventHandler.java:416)
	at com.sun.javafx.tk.quantum.QuantumToolkit.runWithoutRenderLock(QuantumToolkit.java:389)
	at com.sun.javafx.tk.quantum.GlassViewEventHandler.handleMouseEvent(GlassViewEventHandler.java:415)
	at com.sun.glass.ui.View.handleMouseEvent(View.java:555)
	at com.sun.glass.ui.View.notifyMouse(View.java:937)
	at com.sun.glass.ui.win.WinApplication._enterNestedEventLoopImpl(Native Method)
	at com.sun.glass.ui.win.WinApplication._enterNestedEventLoop(WinApplication.java:218)
	at com.sun.glass.ui.Application.enterNestedEventLoop(Application.java:511)
	at com.sun.glass.ui.EventLoop.enter(EventLoop.java:107)
	at com.sun.javafx.tk.quantum.QuantumToolkit.enterNestedEventLoop(QuantumToolkit.java:583)
	at javafx.stage.Stage.showAndWait(Stage.java:474)
	at javafx.scene.control.HeavyweightDialog.showAndWait(HeavyweightDialog.java:162)
	at javafx.scene.control.Dialog.showAndWait(Dialog.java:341)
	at org.controlsfx.dialog.Wizard.showAndWait(Wizard.java:232)
	at org.soul.tools.generator.fx.ui.CodeGenerateWizard.start(CodeGenerateWizard.java:105)
	at com.sun.javafx.application.LauncherImpl.lambda$launchApplication1$162(LauncherImpl.java:863)
	at com.sun.javafx.application.PlatformImpl.lambda$runAndWait$175(PlatformImpl.java:326)
	at com.sun.javafx.application.PlatformImpl.lambda$null$173(PlatformImpl.java:295)
	at java.security.AccessController.doPrivileged(Native Method)
	at com.sun.javafx.application.PlatformImpl.lambda$runLater$174(PlatformImpl.java:294)
	at com.sun.glass.ui.InvokeLaterDispatcher$Future.run(InvokeLaterDispatcher.java:95)
	at com.sun.glass.ui.win.WinApplication._runLoop(Native Method)
	at com.sun.glass.ui.win.WinApplication.lambda$null$148(WinApplication.java:191)
	at java.lang.Thread.run(Thread.java:745)
Caused by: freemarker.core._TemplateModelException: An error has occurred when reading existing sub-variable "pkColumn"; see cause exception! The type of the containing value was: extended_hash+string (org.soul.tools.generator.core.provider.db.table.model.TableMetaData wrapped into f.e.b.StringModel)

----
FTL stack trace ("~" means nesting-related):
	- Failed at: ${table.pkColumn.javaType}  [in template "service\\service-common\\java\\${basepackage_dir}\\service\\${module_dir}\\${className}Service.java" at line 14, column 124]
----
	at freemarker.ext.beans.BeanModel.get(BeanModel.java:199)
	at freemarker.core.Dot._eval(Dot.java:40)
	at freemarker.core.Expression.eval(Expression.java:78)
	at freemarker.core.Dot._eval(Dot.java:38)
	at freemarker.core.Expression.eval(Expression.java:78)
	at freemarker.core.Expression.evalAndCoerceToString(Expression.java:82)
	at freemarker.core.DollarVariable.accept(DollarVariable.java:40)
	at freemarker.core.Environment.visit(Environment.java:312)
	at freemarker.core.MixedContent.accept(MixedContent.java:62)
	at freemarker.core.Environment.visit(Environment.java:312)
	at freemarker.core.Environment.process(Environment.java:290)
	at freemarker.template.Template.process(Template.java:312)
	at org.soul.tools.generator.core.Generator$TemplateProcessor.processTemplateForGeneratorControl(Generator.java:263)
	at org.soul.tools.generator.core.Generator$TemplateProcessor.executeGenerate(Generator.java:221)
	... 83 more
Caused by: java.lang.reflect.InvocationTargetException
	at sun.reflect.NativeMethodAccessorImpl.invoke0(Native Method)
	at sun.reflect.NativeMethodAccessorImpl.invoke(NativeMethodAccessorImpl.java:62)
	at sun.reflect.DelegatingMethodAccessorImpl.invoke(DelegatingMethodAccessorImpl.java:43)
	at java.lang.reflect.Method.invoke(Method.java:498)
	at freemarker.ext.beans.BeansWrapper.invokeMethod(BeansWrapper.java:1458)
	at freemarker.ext.beans.BeanModel.invokeThroughDescriptor(BeanModel.java:255)
	at freemarker.ext.beans.BeanModel.get(BeanModel.java:159)
	... 96 more
Caused by: java.lang.IllegalStateException: not found primary key on table:v_warning_player_detail
	at org.soul.tools.generator.core.provider.db.table.model.TableMetaData.getPkColumn(TableMetaData.java:312)
	... 103 more
java.lang.RuntimeException: generate oucur error,templateFile is:websites\${topModule_dir}\java\${basepackage_dir}\${topModule_dir}\${subModule_dir}\controller\${className}Controller.java => websites\admin\java\g\admin\warning/vplayerdetail\controller\VWarningPlayerDetailController.java cause:freemarker.core._TemplateModelException: An error has occurred when reading existing sub-variable "pkColumn"; see cause exception! The type of the containing value was: extended_hash+string (org.soul.tools.generator.core.provider.db.table.model.TableMetaData wrapped into f.e.b.StringModel)

----
FTL stack trace ("~" means nesting-related):
	- Failed at: ${table.pkColumn.javaType}  [in template "websites\\${topModule_dir}\\java\\${basepackage_dir}\\${topModule_dir}\\${subModule_dir}\\controller\\${className}Controller.java" at line 19, column 178]
----
	at org.soul.tools.generator.core.Generator$TemplateProcessor.executeGenerate(Generator.java:232)
	at org.soul.tools.generator.core.Generator$TemplateProcessor.access$100(Generator.java:182)
	at org.soul.tools.generator.core.Generator.scanTemplatesAndProcess(Generator.java:168)
	at org.soul.tools.generator.core.Generator.processTemplateRootDirs(Generator.java:149)
	at org.soul.tools.generator.core.Generator.generateBy(Generator.java:127)
	at org.soul.tools.generator.core.GeneratorFacade$ProcessUtils.processByTable(GeneratorFacade.java:186)
	at org.soul.tools.generator.core.GeneratorFacade$ProcessUtils.processByTable(GeneratorFacade.java:141)
	at org.soul.tools.generator.core.GeneratorFacade.generateByTable(GeneratorFacade.java:60)
	at org.soul.tools.generator.core.CodeGenerator.generate(CodeGenerator.java:75)
	at org.soul.tools.generator.fx.controller.FilesController.generate(FilesController.java:151)
	at sun.reflect.NativeMethodAccessorImpl.invoke0(Native Method)
	at sun.reflect.NativeMethodAccessorImpl.invoke(NativeMethodAccessorImpl.java:62)
	at sun.reflect.DelegatingMethodAccessorImpl.invoke(DelegatingMethodAccessorImpl.java:43)
	at java.lang.reflect.Method.invoke(Method.java:498)
	at sun.reflect.misc.Trampoline.invoke(MethodUtil.java:71)
	at sun.reflect.GeneratedMethodAccessor15.invoke(Unknown Source)
	at sun.reflect.DelegatingMethodAccessorImpl.invoke(DelegatingMethodAccessorImpl.java:43)
	at java.lang.reflect.Method.invoke(Method.java:498)
	at sun.reflect.misc.MethodUtil.invoke(MethodUtil.java:275)
	at javafx.fxml.FXMLLoader$MethodHandler.invoke(FXMLLoader.java:1769)
	at javafx.fxml.FXMLLoader$ControllerMethodEventHandler.handle(FXMLLoader.java:1657)
	at com.sun.javafx.event.CompositeEventHandler.dispatchBubblingEvent(CompositeEventHandler.java:86)
	at com.sun.javafx.event.EventHandlerManager.dispatchBubblingEvent(EventHandlerManager.java:238)
	at com.sun.javafx.event.EventHandlerManager.dispatchBubblingEvent(EventHandlerManager.java:191)
	at com.sun.javafx.event.CompositeEventDispatcher.dispatchBubblingEvent(CompositeEventDispatcher.java:59)
	at com.sun.javafx.event.BasicEventDispatcher.dispatchEvent(BasicEventDispatcher.java:58)
	at com.sun.javafx.event.EventDispatchChainImpl.dispatchEvent(EventDispatchChainImpl.java:114)
	at com.sun.javafx.event.BasicEventDispatcher.dispatchEvent(BasicEventDispatcher.java:56)
	at com.sun.javafx.event.EventDispatchChainImpl.dispatchEvent(EventDispatchChainImpl.java:114)
	at com.sun.javafx.event.BasicEventDispatcher.dispatchEvent(BasicEventDispatcher.java:56)
	at com.sun.javafx.event.EventDispatchChainImpl.dispatchEvent(EventDispatchChainImpl.java:114)
	at com.sun.javafx.event.EventUtil.fireEventImpl(EventUtil.java:74)
	at com.sun.javafx.event.EventUtil.fireEvent(EventUtil.java:49)
	at javafx.event.Event.fireEvent(Event.java:198)
	at javafx.scene.Node.fireEvent(Node.java:8411)
	at javafx.scene.control.Button.fire(Button.java:185)
	at com.sun.javafx.scene.control.behavior.ButtonBehavior.mouseReleased(ButtonBehavior.java:182)
	at com.sun.javafx.scene.control.skin.BehaviorSkinBase$1.handle(BehaviorSkinBase.java:96)
	at com.sun.javafx.scene.control.skin.BehaviorSkinBase$1.handle(BehaviorSkinBase.java:89)
	at com.sun.javafx.event.CompositeEventHandler$NormalEventHandlerRecord.handleBubblingEvent(CompositeEventHandler.java:218)
	at com.sun.javafx.event.CompositeEventHandler.dispatchBubblingEvent(CompositeEventHandler.java:80)
	at com.sun.javafx.event.EventHandlerManager.dispatchBubblingEvent(EventHandlerManager.java:238)
	at com.sun.javafx.event.EventHandlerManager.dispatchBubblingEvent(EventHandlerManager.java:191)
	at com.sun.javafx.event.CompositeEventDispatcher.dispatchBubblingEvent(CompositeEventDispatcher.java:59)
	at com.sun.javafx.event.BasicEventDispatcher.dispatchEvent(BasicEventDispatcher.java:58)
	at com.sun.javafx.event.EventDispatchChainImpl.dispatchEvent(EventDispatchChainImpl.java:114)
	at com.sun.javafx.event.BasicEventDispatcher.dispatchEvent(BasicEventDispatcher.java:56)
	at com.sun.javafx.event.EventDispatchChainImpl.dispatchEvent(EventDispatchChainImpl.java:114)
	at com.sun.javafx.event.BasicEventDispatcher.dispatchEvent(BasicEventDispatcher.java:56)
	at com.sun.javafx.event.EventDispatchChainImpl.dispatchEvent(EventDispatchChainImpl.java:114)
	at com.sun.javafx.event.EventUtil.fireEventImpl(EventUtil.java:74)
	at com.sun.javafx.event.EventUtil.fireEvent(EventUtil.java:54)
	at javafx.event.Event.fireEvent(Event.java:198)
	at javafx.scene.Scene$MouseHandler.process(Scene.java:3757)
	at javafx.scene.Scene$MouseHandler.access$1500(Scene.java:3485)
	at javafx.scene.Scene.impl_processMouseEvent(Scene.java:1762)
	at javafx.scene.Scene$ScenePeerListener.mouseEvent(Scene.java:2494)
	at com.sun.javafx.tk.quantum.GlassViewEventHandler$MouseEventNotification.run(GlassViewEventHandler.java:380)
	at com.sun.javafx.tk.quantum.GlassViewEventHandler$MouseEventNotification.run(GlassViewEventHandler.java:294)
	at java.security.AccessController.doPrivileged(Native Method)
	at com.sun.javafx.tk.quantum.GlassViewEventHandler.lambda$handleMouseEvent$354(GlassViewEventHandler.java:416)
	at com.sun.javafx.tk.quantum.QuantumToolkit.runWithoutRenderLock(QuantumToolkit.java:389)
	at com.sun.javafx.tk.quantum.GlassViewEventHandler.handleMouseEvent(GlassViewEventHandler.java:415)
	at com.sun.glass.ui.View.handleMouseEvent(View.java:555)
	at com.sun.glass.ui.View.notifyMouse(View.java:937)
	at com.sun.glass.ui.win.WinApplication._enterNestedEventLoopImpl(Native Method)
	at com.sun.glass.ui.win.WinApplication._enterNestedEventLoop(WinApplication.java:218)
	at com.sun.glass.ui.Application.enterNestedEventLoop(Application.java:511)
	at com.sun.glass.ui.EventLoop.enter(EventLoop.java:107)
	at com.sun.javafx.tk.quantum.QuantumToolkit.enterNestedEventLoop(QuantumToolkit.java:583)
	at javafx.stage.Stage.showAndWait(Stage.java:474)
	at javafx.scene.control.HeavyweightDialog.showAndWait(HeavyweightDialog.java:162)
	at javafx.scene.control.Dialog.showAndWait(Dialog.java:341)
	at org.controlsfx.dialog.Wizard.showAndWait(Wizard.java:232)
	at org.soul.tools.generator.fx.ui.CodeGenerateWizard.start(CodeGenerateWizard.java:105)
	at com.sun.javafx.application.LauncherImpl.lambda$launchApplication1$162(LauncherImpl.java:863)
	at com.sun.javafx.application.PlatformImpl.lambda$runAndWait$175(PlatformImpl.java:326)
	at com.sun.javafx.application.PlatformImpl.lambda$null$173(PlatformImpl.java:295)
	at java.security.AccessController.doPrivileged(Native Method)
	at com.sun.javafx.application.PlatformImpl.lambda$runLater$174(PlatformImpl.java:294)
	at com.sun.glass.ui.InvokeLaterDispatcher$Future.run(InvokeLaterDispatcher.java:95)
	at com.sun.glass.ui.win.WinApplication._runLoop(Native Method)
	at com.sun.glass.ui.win.WinApplication.lambda$null$148(WinApplication.java:191)
	at java.lang.Thread.run(Thread.java:745)
Caused by: freemarker.core._TemplateModelException: An error has occurred when reading existing sub-variable "pkColumn"; see cause exception! The type of the containing value was: extended_hash+string (org.soul.tools.generator.core.provider.db.table.model.TableMetaData wrapped into f.e.b.StringModel)

----
FTL stack trace ("~" means nesting-related):
	- Failed at: ${table.pkColumn.javaType}  [in template "websites\\${topModule_dir}\\java\\${basepackage_dir}\\${topModule_dir}\\${subModule_dir}\\controller\\${className}Controller.java" at line 19, column 178]
----
	at freemarker.ext.beans.BeanModel.get(BeanModel.java:199)
	at freemarker.core.Dot._eval(Dot.java:40)
	at freemarker.core.Expression.eval(Expression.java:78)
	at freemarker.core.Dot._eval(Dot.java:38)
	at freemarker.core.Expression.eval(Expression.java:78)
	at freemarker.core.Expression.evalAndCoerceToString(Expression.java:82)
	at freemarker.core.DollarVariable.accept(DollarVariable.java:40)
	at freemarker.core.Environment.visit(Environment.java:312)
	at freemarker.core.MixedContent.accept(MixedContent.java:62)
	at freemarker.core.Environment.visit(Environment.java:312)
	at freemarker.core.Environment.process(Environment.java:290)
	at freemarker.template.Template.process(Template.java:312)
	at org.soul.tools.generator.core.Generator$TemplateProcessor.processTemplateForGeneratorControl(Generator.java:263)
	at org.soul.tools.generator.core.Generator$TemplateProcessor.executeGenerate(Generator.java:221)
	... 83 more
Caused by: java.lang.reflect.InvocationTargetException
	at sun.reflect.NativeMethodAccessorImpl.invoke0(Native Method)
	at sun.reflect.NativeMethodAccessorImpl.invoke(NativeMethodAccessorImpl.java:62)
	at sun.reflect.DelegatingMethodAccessorImpl.invoke(DelegatingMethodAccessorImpl.java:43)
	at java.lang.reflect.Method.invoke(Method.java:498)
	at freemarker.ext.beans.BeansWrapper.invokeMethod(BeansWrapper.java:1458)
	at freemarker.ext.beans.BeanModel.invokeThroughDescriptor(BeanModel.java:255)
	at freemarker.ext.beans.BeanModel.get(BeanModel.java:159)
	... 96 more
Caused by: java.lang.IllegalStateException: not found primary key on table:v_warning_player_detail
	at org.soul.tools.generator.core.provider.db.table.model.TableMetaData.getPkColumn(TableMetaData.java:312)
	... 103 more
