16:48:13.812 ERROR [desk-1-1] g.s.c.n.douniu.Bull100MatchHandle:153 - null
java.lang.NullPointerException: null
	at g.service.chesscard.engine.manager.BroadcastMessageManager.createMsgFromGameSettle(BroadcastMessageManager.java:68)
	at g.service.chesscard.engine.manager.SettleManager.newSettle(SettleManager.java:123)
	at g.service.chesscard.netHandles.douniu.Bull100MatchHandle.onSettle(Bull100MatchHandle.java:126)
	at g.service.chesscard.engine.task.MatchTask.settle(MatchTask.java:152)
	at g.service.chesscard.engine.task.MatchTask.stop(MatchTask.java:130)
	at g.service.chesscard.engine.task.MatchTask.run(MatchTask.java:213)
	at java.util.concurrent.Executors$RunnableAdapter.call(Executors.java:511)
	at java.util.concurrent.FutureTask.run(FutureTask.java:266)
	at java.util.concurrent.ScheduledThreadPoolExecutor$ScheduledFutureTask.access$201(ScheduledThreadPoolExecutor.java:180)
	at java.util.concurrent.ScheduledThreadPoolExecutor$ScheduledFutureTask.run(ScheduledThreadPoolExecutor.java:293)
	at java.util.concurrent.ThreadPoolExecutor.runWorker(ThreadPoolExecutor.java:1142)
	at java.util.concurrent.ThreadPoolExecutor$Worker.run(ThreadPoolExecutor.java:617)
	at java.lang.Thread.run(Thread.java:745)
16:48:44.335 ERROR [desk-1-1] g.s.c.n.douniu.Bull100MatchHandle:153 - null
java.lang.NullPointerException: null
	at g.service.chesscard.engine.manager.BroadcastMessageManager.createMsgFromGameSettle(BroadcastMessageManager.java:68)
	at g.service.chesscard.engine.manager.SettleManager.newSettle(SettleManager.java:123)
	at g.service.chesscard.netHandles.douniu.Bull100MatchHandle.onSettle(Bull100MatchHandle.java:126)
	at g.service.chesscard.engine.task.MatchTask.settle(MatchTask.java:152)
	at g.service.chesscard.engine.task.MatchTask.stop(MatchTask.java:130)
	at g.service.chesscard.engine.task.MatchTask.run(MatchTask.java:213)
	at java.util.concurrent.Executors$RunnableAdapter.call(Executors.java:511)
	at java.util.concurrent.FutureTask.run(FutureTask.java:266)
	at java.util.concurrent.ScheduledThreadPoolExecutor$ScheduledFutureTask.access$201(ScheduledThreadPoolExecutor.java:180)
	at java.util.concurrent.ScheduledThreadPoolExecutor$ScheduledFutureTask.run(ScheduledThreadPoolExecutor.java:293)
	at java.util.concurrent.ThreadPoolExecutor.runWorker(ThreadPoolExecutor.java:1142)
	at java.util.concurrent.ThreadPoolExecutor$Worker.run(ThreadPoolExecutor.java:617)
	at java.lang.Thread.run(Thread.java:745)
16:49:14.734 ERROR [desk-1-1] g.s.c.n.douniu.Bull100MatchHandle:153 - null
java.lang.NullPointerException: null
	at g.service.chesscard.engine.manager.BroadcastMessageManager.createMsgFromGameSettle(BroadcastMessageManager.java:68)
	at g.service.chesscard.engine.manager.SettleManager.newSettle(SettleManager.java:123)
	at g.service.chesscard.netHandles.douniu.Bull100MatchHandle.onSettle(Bull100MatchHandle.java:126)
	at g.service.chesscard.engine.task.MatchTask.settle(MatchTask.java:152)
	at g.service.chesscard.engine.task.MatchTask.stop(MatchTask.java:130)
	at g.service.chesscard.engine.task.MatchTask.run(MatchTask.java:213)
	at java.util.concurrent.Executors$RunnableAdapter.call(Executors.java:511)
	at java.util.concurrent.FutureTask.run(FutureTask.java:266)
	at java.util.concurrent.ScheduledThreadPoolExecutor$ScheduledFutureTask.access$201(ScheduledThreadPoolExecutor.java:180)
	at java.util.concurrent.ScheduledThreadPoolExecutor$ScheduledFutureTask.run(ScheduledThreadPoolExecutor.java:293)
	at java.util.concurrent.ThreadPoolExecutor.runWorker(ThreadPoolExecutor.java:1142)
	at java.util.concurrent.ThreadPoolExecutor$Worker.run(ThreadPoolExecutor.java:617)
	at java.lang.Thread.run(Thread.java:745)
16:49:45.257 ERROR [desk-1-1] g.s.c.n.douniu.Bull100MatchHandle:153 - null
java.lang.NullPointerException: null
	at g.service.chesscard.engine.manager.BroadcastMessageManager.createMsgFromGameSettle(BroadcastMessageManager.java:68)
	at g.service.chesscard.engine.manager.SettleManager.newSettle(SettleManager.java:123)
	at g.service.chesscard.netHandles.douniu.Bull100MatchHandle.onSettle(Bull100MatchHandle.java:126)
	at g.service.chesscard.engine.task.MatchTask.settle(MatchTask.java:152)
	at g.service.chesscard.engine.task.MatchTask.stop(MatchTask.java:130)
	at g.service.chesscard.engine.task.MatchTask.run(MatchTask.java:213)
	at java.util.concurrent.Executors$RunnableAdapter.call(Executors.java:511)
	at java.util.concurrent.FutureTask.run(FutureTask.java:266)
	at java.util.concurrent.ScheduledThreadPoolExecutor$ScheduledFutureTask.access$201(ScheduledThreadPoolExecutor.java:180)
	at java.util.concurrent.ScheduledThreadPoolExecutor$ScheduledFutureTask.run(ScheduledThreadPoolExecutor.java:293)
	at java.util.concurrent.ThreadPoolExecutor.runWorker(ThreadPoolExecutor.java:1142)
	at java.util.concurrent.ThreadPoolExecutor$Worker.run(ThreadPoolExecutor.java:617)
	at java.lang.Thread.run(Thread.java:745)
