16:52:18.967 ERROR [desk-1-1] o.s.m.nosql.redis.JedisTemplate:153 - Redis connection 192.168.0.44:6379 lost.
redis.clients.jedis.exceptions.JedisConnectionException: java.net.SocketTimeoutException: Read timed out
	at redis.clients.util.RedisInputStream.ensureFill(RedisInputStream.java:201)
	at redis.clients.util.RedisInputStream.readByte(RedisInputStream.java:40)
	at redis.clients.jedis.Protocol.process(Protocol.java:141)
	at redis.clients.jedis.Protocol.read(Protocol.java:205)
	at redis.clients.jedis.Connection.readProtocolWithCheckingBroken(Connection.java:297)
	at redis.clients.jedis.Connection.getBinaryMultiBulkReply(Connection.java:233)
	at redis.clients.jedis.Connection.getMultiBulkReply(Connection.java:226)
	at redis.clients.jedis.Jedis.getTupledSet(Jedis.java:2110)
	at redis.clients.jedis.Jedis.zrevrangeWithScores(Jedis.java:1485)
	at org.springside.modules.nosql.redis.JedisTemplate$55.action(JedisTemplate.java:825)
	at org.springside.modules.nosql.redis.JedisTemplate$55.action(JedisTemplate.java:821)
	at org.springside.modules.nosql.redis.JedisTemplate.execute(JedisTemplate.java:77)
	at org.springside.modules.nosql.redis.JedisTemplate.zrevrangeWithScores(JedisTemplate.java:821)
	at g.service.chesscard.engine.manager.DealerManager.getFirstDealer(DealerManager.java:452)
	at g.service.chesscard.engine.manager.DealerManager.changeDealer(DealerManager.java:515)
	at g.service.chesscard.engine.manager.DealerManager.upDealer(DealerManager.java:163)
	at g.service.chesscard.engine.bull100.message.Bull100UpDealerMessage.handleMessage(Bull100UpDealerMessage.java:36)
	at g.service.chesscard.engine.sender.AbstractMessageSender$MessageTask.run(AbstractMessageSender.java:85)
	at g.service.chesscard.engine.sender.SyncMessageSender.submitMessageTask(SyncMessageSender.java:19)
	at g.service.chesscard.engine.sender.AbstractMessageSender.sendMessage(AbstractMessageSender.java:22)
	at g.service.chesscard.engine.sender.AbstractMessageSender.sendMessage(AbstractMessageSender.java:14)
	at g.service.chesscard.netHandles.douniu.Bull100MatchHandle.onStart(Bull100MatchHandle.java:75)
	at g.service.chesscard.engine.task.MatchTask.fireStartEvent(MatchTask.java:118)
	at g.service.chesscard.engine.task.MatchTask.start(MatchTask.java:99)
	at g.service.chesscard.engine.task.MatchTask.run(MatchTask.java:209)
	at java.util.concurrent.Executors$RunnableAdapter.call(Executors.java:511)
	at java.util.concurrent.FutureTask.run(FutureTask.java:266)
	at java.util.concurrent.ScheduledThreadPoolExecutor$ScheduledFutureTask.access$201(ScheduledThreadPoolExecutor.java:180)
	at java.util.concurrent.ScheduledThreadPoolExecutor$ScheduledFutureTask.run(ScheduledThreadPoolExecutor.java:293)
	at java.util.concurrent.ThreadPoolExecutor.runWorker(ThreadPoolExecutor.java:1142)
	at java.util.concurrent.ThreadPoolExecutor$Worker.run(ThreadPoolExecutor.java:617)
	at java.lang.Thread.run(Thread.java:745)
Caused by: java.net.SocketTimeoutException: Read timed out
	at java.net.SocketInputStream.socketRead0(SocketInputStream.java)
	at java.net.SocketInputStream.socketRead(SocketInputStream.java:116)
	at java.net.SocketInputStream.read(SocketInputStream.java:170)
	at java.net.SocketInputStream.read(SocketInputStream.java:141)
	at java.net.SocketInputStream.read(SocketInputStream.java:127)
	at redis.clients.util.RedisInputStream.ensureFill(RedisInputStream.java:195)
	... 31 common frames omitted
16:52:28.973 ERROR [desk-1-1] g.s.c.e.s.AbstractMessageSender$MessageTask:96 - java.net.SocketTimeoutException: Read timed out
redis.clients.jedis.exceptions.JedisConnectionException: java.net.SocketTimeoutException: Read timed out
	at redis.clients.util.RedisInputStream.ensureFill(RedisInputStream.java:201)
	at redis.clients.util.RedisInputStream.readByte(RedisInputStream.java:40)
	at redis.clients.jedis.Protocol.process(Protocol.java:141)
	at redis.clients.jedis.Protocol.read(Protocol.java:205)
	at redis.clients.jedis.Connection.readProtocolWithCheckingBroken(Connection.java:297)
	at redis.clients.jedis.Connection.getBinaryMultiBulkReply(Connection.java:233)
	at redis.clients.jedis.Connection.getMultiBulkReply(Connection.java:226)
	at redis.clients.jedis.Jedis.getTupledSet(Jedis.java:2110)
	at redis.clients.jedis.Jedis.zrevrangeWithScores(Jedis.java:1485)
	at org.springside.modules.nosql.redis.JedisTemplate$55.action(JedisTemplate.java:825)
	at org.springside.modules.nosql.redis.JedisTemplate$55.action(JedisTemplate.java:821)
	at org.springside.modules.nosql.redis.JedisTemplate.execute(JedisTemplate.java:77)
	at org.springside.modules.nosql.redis.JedisTemplate.zrevrangeWithScores(JedisTemplate.java:821)
	at g.service.chesscard.engine.manager.DealerManager.getFirstDealer(DealerManager.java:452)
	at g.service.chesscard.engine.manager.DealerManager.changeDealer(DealerManager.java:515)
	at g.service.chesscard.engine.manager.DealerManager.upDealer(DealerManager.java:163)
	at g.service.chesscard.engine.bull100.message.Bull100UpDealerMessage.handleMessage(Bull100UpDealerMessage.java:36)
	at g.service.chesscard.engine.sender.AbstractMessageSender$MessageTask.run(AbstractMessageSender.java:85)
	at g.service.chesscard.engine.sender.SyncMessageSender.submitMessageTask(SyncMessageSender.java:19)
	at g.service.chesscard.engine.sender.AbstractMessageSender.sendMessage(AbstractMessageSender.java:22)
	at g.service.chesscard.engine.sender.AbstractMessageSender.sendMessage(AbstractMessageSender.java:14)
	at g.service.chesscard.netHandles.douniu.Bull100MatchHandle.onStart(Bull100MatchHandle.java:75)
	at g.service.chesscard.engine.task.MatchTask.fireStartEvent(MatchTask.java:118)
	at g.service.chesscard.engine.task.MatchTask.start(MatchTask.java:99)
	at g.service.chesscard.engine.task.MatchTask.run(MatchTask.java:209)
	at java.util.concurrent.Executors$RunnableAdapter.call(Executors.java:511)
	at java.util.concurrent.FutureTask.run(FutureTask.java:266)
	at java.util.concurrent.ScheduledThreadPoolExecutor$ScheduledFutureTask.access$201(ScheduledThreadPoolExecutor.java:180)
	at java.util.concurrent.ScheduledThreadPoolExecutor$ScheduledFutureTask.run(ScheduledThreadPoolExecutor.java:293)
	at java.util.concurrent.ThreadPoolExecutor.runWorker(ThreadPoolExecutor.java:1142)
	at java.util.concurrent.ThreadPoolExecutor$Worker.run(ThreadPoolExecutor.java:617)
	at java.lang.Thread.run(Thread.java:745)
Caused by: java.net.SocketTimeoutException: Read timed out
	at java.net.SocketInputStream.socketRead0(SocketInputStream.java)
	at java.net.SocketInputStream.socketRead(SocketInputStream.java:116)
	at java.net.SocketInputStream.read(SocketInputStream.java:170)
	at java.net.SocketInputStream.read(SocketInputStream.java:141)
	at java.net.SocketInputStream.read(SocketInputStream.java:127)
	at redis.clients.util.RedisInputStream.ensureFill(RedisInputStream.java:195)
	... 31 common frames omitted
